zinc-22n/H26/H26-P.txt
zinc-22n/H26/H26P120/H26P120-Q.n.smi.gz
zinc-22n/H26/H26P120/H26P120-N.n.txt
zinc-22n/H26/H26P120/H26P120-Q.n.txt
zinc-22n/H26/H26P120/H26P120-L.n.smi.gz
zinc-22n/H26/H26P120/H26P120-O.n.smi.gz
zinc-22n/H26/H26P120/H26P120-N.n.smi.gz
zinc-22n/H26/H26P120/H26P120-K.n.txt
zinc-22n/H26/H26P120/H26P120-M.n.txt
zinc-22n/H26/H26P120/H26P120-O.n.txt
zinc-22n/H26/H26P120/H26P120-K.n.smi.gz
zinc-22n/H26/H26P120/H26P120-M.n.smi.gz
zinc-22n/H26/H26P120/H26P120-R.n.txt
zinc-22n/H26/H26P120/H26P120-R.n.smi.gz
zinc-22n/H26/H26P120/H26P120-P.n.txt
zinc-22n/H26/H26P120/H26P120-L.n.txt
zinc-22n/H26/H26P120/H26P120-P.n.smi.gz
zinc-22n/H26/H26.txt
zinc-22n/H26/H26-O.txt
zinc-22n/H26/H26P190/H26P190-L.n.txt
zinc-22n/H26/H26P190/H26P190-M.n.smi.gz
zinc-22n/H26/H26P190/H26P190-N.n.smi.gz
zinc-22n/H26/H26P190/H26P190-P.n.smi.gz
zinc-22n/H26/H26P190/H26P190-Q.n.txt
zinc-22n/H26/H26P190/H26P190-N.n.txt
zinc-22n/H26/H26P190/H26P190-O.n.txt
zinc-22n/H26/H26P190/H26P190-L.n.smi.gz
zinc-22n/H26/H26P190/H26P190-Q.n.smi.gz
zinc-22n/H26/H26P190/H26P190-M.n.txt
zinc-22n/H26/H26P190/H26P190-O.n.smi.gz
zinc-22n/H26/H26P190/H26P190-P.n.txt
zinc-22n/H26/H26-M.txt
zinc-22n/H26/H26-N.txt
zinc-22n/H26/H26-R.txt
zinc-22n/H26/H26-L.txt
zinc-22n/H26/H26-K.txt
zinc-22n/H26/H26P180/H26P180-N.n.smi.gz
zinc-22n/H26/H26P180/H26P180-L.n.smi.gz
zinc-22n/H26/H26P180/H26P180-M.n.txt
zinc-22n/H26/H26P180/H26P180-P.n.txt
zinc-22n/H26/H26P180/H26P180-K.n.txt
zinc-22n/H26/H26P180/H26P180-P.n.smi.gz
zinc-22n/H26/H26P180/H26P180-O.n.smi.gz
zinc-22n/H26/H26P180/H26P180-Q.n.txt
zinc-22n/H26/H26P180/H26P180-M.n.smi.gz
zinc-22n/H26/H26P180/H26P180-O.n.txt
zinc-22n/H26/H26P180/H26P180-L.n.txt
zinc-22n/H26/H26P180/H26P180-N.n.txt
zinc-22n/H26/H26P180/H26P180-Q.n.smi.gz
zinc-22n/H26/H26P180/H26P180-K.n.smi.gz
zinc-22n/H26/H26P040/H26P040-L.n.txt
zinc-22n/H26/H26P040/H26P040-M.n.smi.gz
zinc-22n/H26/H26P040/H26P040-P.n.txt
zinc-22n/H26/H26P040/H26P040-O.n.txt
zinc-22n/H26/H26P040/H26P040-N.n.smi.gz
zinc-22n/H26/H26P040/H26P040-O.n.smi.gz
zinc-22n/H26/H26P040/H26P040-L.n.smi.gz
zinc-22n/H26/H26P040/H26P040-N.n.txt
zinc-22n/H26/H26P040/H26P040-R.n.smi.gz
zinc-22n/H26/H26P040/H26P040-Q.n.smi.gz
zinc-22n/H26/H26P040/H26P040-R.n.txt
zinc-22n/H26/H26P040/H26P040-P.n.smi.gz
zinc-22n/H26/H26P040/H26P040-M.n.txt
zinc-22n/H26/H26P040/a/H26P040-N-naagea.db2.tgz
zinc-22n/H26/H26P040/a/H26P040-N-naagra.db2.tgz
zinc-22n/H26/H26P040/a/H26P040-L-naaaba.db2.tgz
zinc-22n/H26/H26P040/a/H26P040-N-naadta.db2.tgz
zinc-22n/H26/H26P040/a/H26P040-N-naacxa.sdf.tgz
zinc-22n/H26/H26P040/a/H26P040-L-naagba.db2.tgz
zinc-22n/H26/H26P040/a/H26P040-N-naaita.db2.tgz
zinc-22n/H26/H26P040/a/H26P040-L-naabca.db2.tgz
zinc-22n/H26/H26P040/a/H26P040-N-naabaa.pdbqt.tgz
zinc-22n/H26/H26P040/a/H26P040-N-naaaba.mol2.tgz
zinc-22n/H26/H26P040/a/H26P040-N-naacla.sdf.tgz
zinc-22n/H26/H26P040/a/H26P040-L-naaita.db2.tgz
zinc-22n/H26/H26P040/a/H26P040-N-naagda.sdf.tgz
zinc-22n/H26/H26P040/a/H26P040-N-naaala.solv.tgz
zinc-22n/H26/H26P040/a/H26P040-N-naadxa.sdf.tgz
zinc-22n/H26/H26P040/a/H26P040-N-naaapa.solv.tgz
zinc-22n/H26/H26P040/a/H26P040-N-naafpa.db2.tgz
zinc-22n/H26/H26P040/a/H26P040-N-naahsa.sdf.tgz
zinc-22n/H26/H26P040/a/H26P040-N-naacaa.solv.tgz
zinc-22n/H26/H26P040/a/H26P040-L-naahda.db2.tgz
zinc-22n/H26/H26P040/a/H26P040-L-naacpa.db2.tgz
zinc-22n/H26/H26P040/a/H26P040-N-naacsa.pdbqt.tgz
zinc-22n/H26/H26P040/a/H26P040-N-naagka.mol2.tgz
zinc-22n/H26/H26P040/a/H26P040-N-naahua.pdbqt.tgz
zinc-22n/H26/H26P040/a/H26P040-N-naagta.pdbqt.tgz
zinc-22n/H26/H26P040/a/H26P040-N-naahxa.pdbqt.tgz
zinc-22n/H26/H26P040/a/H26P040-N-naaaja.sdf.tgz
zinc-22n/H26/H26P040/a/H26P040-N-naaava.sdf.tgz
zinc-22n/H26/H26P040/a/H26P040-N-naagda.mol2.tgz
zinc-22n/H26/H26P040/a/H26P040-N-naafya.mol2.tgz
zinc-22n/H26/H26P040/a/H26P040-N-naadga.solv.tgz
zinc-22n/H26/H26P040/a/H26P040-L-naaila.db2.tgz
zinc-22n/H26/H26P040/a/H26P040-L-naaipa.db2.tgz
zinc-22n/H26/H26P040/a/H26P040-L-naahua.db2.tgz
zinc-22n/H26/H26P040/a/H26P040-L-naagla.db2.tgz
zinc-22n/H26/H26P040/a/H26P040-L-naacra.db2.tgz
zinc-22n/H26/H26P040/a/H26P040-N-naahda.sdf.tgz
zinc-22n/H26/H26P040/a/H26P040-N-naacva.pdbqt.tgz
zinc-22n/H26/H26P040/a/H26P040-L-naacua.db2.tgz
zinc-22n/H26/H26P040/a/H26P040-N-naagha.pdbqt.tgz
zinc-22n/H26/H26P040/a/H26P040-N-naaefa.solv.tgz
zinc-22n/H26/H26P040/a/H26P040-L-naacja.db2.tgz
zinc-22n/H26/H26P040/a/H26P040-N-naaeqa.db2.tgz
zinc-22n/H26/H26P040/a/H26P040-N-naacaa.db2.tgz
zinc-22n/H26/H26P040/a/H26P040-N-naaada.mol2.tgz
zinc-22n/H26/H26P040/a/H26P040-N-naadaa.db2.tgz
zinc-22n/H26/H26P040/a/H26P040-N-naaina.db2.tgz
zinc-22n/H26/H26P040/a/H26P040-N-naadna.pdbqt.tgz
zinc-22n/H26/H26P040/a/H26P040-L-naaewa.db2.tgz
zinc-22n/H26/H26P040/a/H26P040-L-naaima.db2.tgz
zinc-22n/H26/H26P040/a/H26P040-N-naaana.db2.tgz
zinc-22n/H26/H26P040/a/H26P040-N-naahia.pdbqt.tgz
zinc-22n/H26/H26P040/a/H26P040-N-naahla.solv.tgz
zinc-22n/H26/H26P040/a/H26P040-N-naaeoa.mol2.tgz
zinc-22n/H26/H26P040/a/H26P040-L-naadsa.db2.tgz
zinc-22n/H26/H26P040/a/H26P040-N-naaioa.db2.tgz
zinc-22n/H26/H26P040/a/H26P040-N-naacva.db2.tgz
zinc-22n/H26/H26P040/a/H26P040-M-naaaga.mol2.tgz
zinc-22n/H26/H26P040/a/H26P040-L-naafwa.db2.tgz
zinc-22n/H26/H26P040/a/H26P040-N-naadia.db2.tgz
zinc-22n/H26/H26P040/a/H26P040-N-naaaza.db2.tgz
zinc-22n/H26/H26P040/a/H26P040-N-naadba.db2.tgz
zinc-22n/H26/H26P040/a/H26P040-N-naabla.sdf.tgz
zinc-22n/H26/H26P040/a/H26P040-N-naagna.sdf.tgz
zinc-22n/H26/H26P040/a/H26P040-N-naabba.db2.tgz
zinc-22n/H26/H26P040/a/H26P040-L-naahaa.db2.tgz
zinc-22n/H26/H26P040/a/H26P040-N-naabma.pdbqt.tgz
zinc-22n/H26/H26P040/a/H26P040-N-naacoa.pdbqt.tgz
zinc-22n/H26/H26P040/a/H26P040-N-naafha.pdbqt.tgz
zinc-22n/H26/H26P040/a/H26P040-L-naafqa.db2.tgz
zinc-22n/H26/H26P040/a/H26P040-N-naafba.mol2.tgz
zinc-22n/H26/H26P040/a/H26P040-N-naagga.db2.tgz
zinc-22n/H26/H26P040/a/H26P040-N-naacna.sdf.tgz
zinc-22n/H26/H26P040/a/H26P040-N-naadga.sdf.tgz
zinc-22n/H26/H26P040/a/H26P040-N-naagsa.db2.tgz
zinc-22n/H26/H26P040/a/H26P040-N-naabca.sdf.tgz
zinc-22n/H26/H26P040/a/H26P040-N-naadca.db2.tgz
zinc-22n/H26/H26P040/a/H26P040-N-naahda.pdbqt.tgz
zinc-22n/H26/H26P040/a/H26P040-L-naahya.db2.tgz
zinc-22n/H26/H26P040/a/H26P040-N-naabza.pdbqt.tgz
zinc-22n/H26/H26P040/a/H26P040-N-naaaoa.pdbqt.tgz
zinc-22n/H26/H26P040/a/H26P040-N-naadta.mol2.tgz
zinc-22n/H26/H26P040/a/H26P040-N-naaeja.solv.tgz
zinc-22n/H26/H26P040/a/H26P040-N-naadxa.db2.tgz
zinc-22n/H26/H26P040/a/H26P040-N-naabza.sdf.tgz
zinc-22n/H26/H26P040/a/H26P040-L-naaara.db2.tgz
zinc-22n/H26/H26P040/a/H26P040-L-naaiia.db2.tgz
zinc-22n/H26/H26P040/a/H26P040-N-naafba.db2.tgz
zinc-22n/H26/H26P040/a/H26P040-M-naaaca.sdf.tgz
zinc-22n/H26/H26P040/a/H26P040-N-naagza.solv.tgz
zinc-22n/H26/H26P040/a/H26P040-N-naacxa.mol2.tgz
zinc-22n/H26/H26P040/a/H26P040-N-naabla.db2.tgz
zinc-22n/H26/H26P040/a/H26P040-N-naaida.db2.tgz
zinc-22n/H26/H26P040/a/H26P040-N-naadqa.solv.tgz
zinc-22n/H26/H26P040/a/H26P040-N-naaeka.mol2.tgz
zinc-22n/H26/H26P040/a/H26P040-N-naacaa.sdf.tgz
zinc-22n/H26/H26P040/a/H26P040-N-naacia.db2.tgz
zinc-22n/H26/H26P040/a/H26P040-N-naadoa.mol2.tgz
zinc-22n/H26/H26P040/a/H26P040-L-naaeta.db2.tgz
zinc-22n/H26/H26P040/a/H26P040-N-naagba.db2.tgz
zinc-22n/H26/H26P040/a/H26P040-N-naafda.pdbqt.tgz
zinc-22n/H26/H26P040/a/H26P040-O-naaaja.db2.tgz
zinc-22n/H26/H26P040/a/H26P040-N-naabea.sdf.tgz
zinc-22n/H26/H26P040/a/H26P040-L-naadwa.db2.tgz
zinc-22n/H26/H26P040/a/H26P040-N-naaeba.solv.tgz
zinc-22n/H26/H26P040/a/H26P040-N-naacga.pdbqt.tgz
zinc-22n/H26/H26P040/a/H26P040-L-naabpa.db2.tgz
zinc-22n/H26/H26P040/a/H26P040-N-naaaha.sdf.tgz
zinc-22n/H26/H26P040/a/H26P040-N-naagja.solv.tgz
zinc-22n/H26/H26P040/a/H26P040-N-naaeia.db2.tgz
zinc-22n/H26/H26P040/a/H26P040-L-naadia.db2.tgz
zinc-22n/H26/H26P040/a/H26P040-L-naaiga.db2.tgz
zinc-22n/H26/H26P040/a/H26P040-N-naaeba.pdbqt.tgz
zinc-22n/H26/H26P040/a/H26P040-N-naabsa.db2.tgz
zinc-22n/H26/H26P040/a/H26P040-M-naaada.db2.tgz
zinc-22n/H26/H26P040/a/H26P040-N-naaeva.solv.tgz
zinc-22n/H26/H26P040/a/H26P040-L-naahra.db2.tgz
zinc-22n/H26/H26P040/a/H26P040-L-naaema.db2.tgz
zinc-22n/H26/H26P040/a/H26P040-N-naahqa.solv.tgz
zinc-22n/H26/H26P040/a/H26P040-N-naabja.sdf.tgz
zinc-22n/H26/H26P040/a/H26P040-N-naadua.pdbqt.tgz
zinc-22n/H26/H26P040/a/H26P040-N-naaela.db2.tgz
zinc-22n/H26/H26P040/a/H26P040-N-naabba.pdbqt.tgz
zinc-22n/H26/H26P040/a/H26P040-N-naagwa.mol2.tgz
zinc-22n/H26/H26P040/a/H26P040-N-naahza.db2.tgz
zinc-22n/H26/H26P040/a/H26P040-N-naaeia.mol2.tgz
zinc-22n/H26/H26P040/a/H26P040-N-naadaa.solv.tgz
zinc-22n/H26/H26P040/a/H26P040-L-naacca.db2.tgz
zinc-22n/H26/H26P040/a/H26P040-N-naaaqa.mol2.tgz
zinc-22n/H26/H26P040/a/H26P040-N-naaeha.pdbqt.tgz
zinc-22n/H26/H26P040/a/H26P040-N-naagha.db2.tgz
zinc-22n/H26/H26P040/a/H26P040-L-naaaha.db2.tgz
zinc-22n/H26/H26P040/a/H26P040-L-naadqa.db2.tgz
zinc-22n/H26/H26P040/a/H26P040-N-naahua.mol2.tgz
zinc-22n/H26/H26P040/a/H26P040-N-naacra.db2.tgz
zinc-22n/H26/H26P040/a/H26P040-L-naaffa.db2.tgz
zinc-22n/H26/H26P040/a/H26P040-N-naahna.db2.tgz
zinc-22n/H26/H26P040/a/H26P040-L-naabja.db2.tgz
zinc-22n/H26/H26P040/a/H26P040-N-naacga.sdf.tgz
zinc-22n/H26/H26P040/a/H26P040-N-naadxa.pdbqt.tgz
zinc-22n/H26/H26P040/a/H26P040-N-naahma.pdbqt.tgz
zinc-22n/H26/H26P040/a/H26P040-N-naaeia.pdbqt.tgz
zinc-22n/H26/H26P040/a/H26P040-N-naahea.sdf.tgz
zinc-22n/H26/H26P040/a/H26P040-M-naaada.mol2.tgz
zinc-22n/H26/H26P040/a/H26P040-O-naabaa.db2.tgz
zinc-22n/H26/H26P040/a/H26P040-M-naaaha.solv.tgz
zinc-22n/H26/H26P040/a/H26P040-N-naagia.pdbqt.tgz
zinc-22n/H26/H26P040/a/H26P040-N-naagza.mol2.tgz
zinc-22n/H26/H26P040/a/H26P040-N-naadza.solv.tgz
zinc-22n/H26/H26P040/a/H26P040-N-naahda.db2.tgz
zinc-22n/H26/H26P040/a/H26P040-N-naahha.solv.tgz
zinc-22n/H26/H26P040/a/H26P040-N-naagwa.db2.tgz
zinc-22n/H26/H26P040/a/H26P040-N-naafua.solv.tgz
zinc-22n/H26/H26P040/a/H26P040-N-naahta.mol2.tgz
zinc-22n/H26/H26P040/a/H26P040-L-naafra.db2.tgz
zinc-22n/H26/H26P040/a/H26P040-M-naaafa.db2.tgz
zinc-22n/H26/H26P040/a/H26P040-N-naagva.mol2.tgz
zinc-22n/H26/H26P040/a/H26P040-L-naacya.db2.tgz
zinc-22n/H26/H26P040/a/H26P040-N-naadga.db2.tgz
zinc-22n/H26/H26P040/a/H26P040-N-naadua.db2.tgz
zinc-22n/H26/H26P040/a/H26P040-N-naaala.mol2.tgz
zinc-22n/H26/H26P040/a/H26P040-N-naadna.db2.tgz
zinc-22n/H26/H26P040/a/H26P040-N-naabba.solv.tgz
zinc-22n/H26/H26P040/a/H26P040-N-naafta.pdbqt.tgz
zinc-22n/H26/H26P040/a/H26P040-N-naadza.mol2.tgz
zinc-22n/H26/H26P040/a/H26P040-N-naagea.mol2.tgz
zinc-22n/H26/H26P040/a/H26P040-N-naafwa.solv.tgz
zinc-22n/H26/H26P040/a/H26P040-N-naahla.pdbqt.tgz
zinc-22n/H26/H26P040/a/H26P040-N-naaeda.pdbqt.tgz
zinc-22n/H26/H26P040/a/H26P040-N-naaaua.solv.tgz
zinc-22n/H26/H26P040/a/H26P040-N-naagda.pdbqt.tgz
zinc-22n/H26/H26P040/a/H26P040-N-naaaza.solv.tgz
zinc-22n/H26/H26P040/a/H26P040-N-naaaka.sdf.tgz
zinc-22n/H26/H26P040/a/H26P040-L-naagda.db2.tgz
zinc-22n/H26/H26P040/a/H26P040-N-naaaha.pdbqt.tgz
zinc-22n/H26/H26P040/a/H26P040-L-naafja.db2.tgz
zinc-22n/H26/H26P040/a/H26P040-N-naacba.solv.tgz
zinc-22n/H26/H26P040/a/H26P040-N-naadra.db2.tgz
zinc-22n/H26/H26P040/a/H26P040-N-naacka.solv.tgz
zinc-22n/H26/H26P040/a/H26P040-N-naahea.mol2.tgz
zinc-22n/H26/H26P040/a/H26P040-L-naabea.db2.tgz
zinc-22n/H26/H26P040/a/H26P040-N-naacza.pdbqt.tgz
zinc-22n/H26/H26P040/a/H26P040-N-naadba.solv.tgz
zinc-22n/H26/H26P040/a/H26P040-N-naahra.pdbqt.tgz
zinc-22n/H26/H26P040/a/H26P040-L-naafxa.db2.tgz
zinc-22n/H26/H26P040/a/H26P040-N-naacka.sdf.tgz
zinc-22n/H26/H26P040/a/H26P040-L-naadha.db2.tgz
zinc-22n/H26/H26P040/a/H26P040-M-naaafa.mol2.tgz
zinc-22n/H26/H26P040/a/H26P040-N-naabga.db2.tgz
zinc-22n/H26/H26P040/a/H26P040-N-naaaoa.sdf.tgz
zinc-22n/H26/H26P040/a/H26P040-N-naagma.sdf.tgz
zinc-22n/H26/H26P040/a/H26P040-N-naadfa.sdf.tgz
zinc-22n/H26/H26P040/a/H26P040-N-naahna.mol2.tgz
zinc-22n/H26/H26P040/a/H26P040-N-naahla.mol2.tgz
zinc-22n/H26/H26P040/a/H26P040-L-naaeoa.db2.tgz
zinc-22n/H26/H26P040/a/H26P040-L-naahza.db2.tgz
zinc-22n/H26/H26P040/a/H26P040-N-naaaja.solv.tgz
zinc-22n/H26/H26P040/a/H26P040-N-naabda.db2.tgz
zinc-22n/H26/H26P040/a/H26P040-N-naadda.mol2.tgz
zinc-22n/H26/H26P040/a/H26P040-N-naabya.db2.tgz
zinc-22n/H26/H26P040/a/H26P040-N-naagga.sdf.tgz
zinc-22n/H26/H26P040/a/H26P040-L-naaina.db2.tgz
zinc-22n/H26/H26P040/a/H26P040-N-naabha.mol2.tgz
zinc-22n/H26/H26P040/a/H26P040-N-naaesa.db2.tgz
zinc-22n/H26/H26P040/a/H26P040-N-naabga.sdf.tgz
zinc-22n/H26/H26P040/a/H26P040-M-naaaaa.sdf.tgz
zinc-22n/H26/H26P040/a/H26P040-N-naafga.solv.tgz
zinc-22n/H26/H26P040/a/H26P040-N-naaeca.db2.tgz
zinc-22n/H26/H26P040/a/H26P040-N-naafja.sdf.tgz
zinc-22n/H26/H26P040/a/H26P040-L-naaaaa.db2.tgz
zinc-22n/H26/H26P040/a/H26P040-N-naadna.mol2.tgz
zinc-22n/H26/H26P040/a/H26P040-N-naaera.db2.tgz
zinc-22n/H26/H26P040/a/H26P040-N-naaafa.mol2.tgz
zinc-22n/H26/H26P040/a/H26P040-N-naafsa.sdf.tgz
zinc-22n/H26/H26P040/a/H26P040-N-naacda.db2.tgz
zinc-22n/H26/H26P040/a/H26P040-L-naaica.db2.tgz
zinc-22n/H26/H26P040/a/H26P040-N-naaaoa.db2.tgz
zinc-22n/H26/H26P040/a/H26P040-N-naaaba.db2.tgz
zinc-22n/H26/H26P040/a/H26P040-L-naagta.db2.tgz
zinc-22n/H26/H26P040/a/H26P040-L-naadfa.db2.tgz
zinc-22n/H26/H26P040/a/H26P040-N-naacja.pdbqt.tgz
zinc-22n/H26/H26P040/a/H26P040-N-naacpa.db2.tgz
zinc-22n/H26/H26P040/a/H26P040-L-naagsa.db2.tgz
zinc-22n/H26/H26P040/a/H26P040-N-naaiua.db2.tgz
zinc-22n/H26/H26P040/a/H26P040-N-naaewa.pdbqt.tgz
zinc-22n/H26/H26P040/a/H26P040-N-naabqa.mol2.tgz
zinc-22n/H26/H26P040/a/H26P040-N-naahba.db2.tgz
zinc-22n/H26/H26P040/a/H26P040-L-naabra.db2.tgz
zinc-22n/H26/H26P040/a/H26P040-N-naafra.db2.tgz
zinc-22n/H26/H26P040/a/H26P040-N-naadha.db2.tgz
zinc-22n/H26/H26P040/a/H26P040-N-naagca.sdf.tgz
zinc-22n/H26/H26P040/a/H26P040-N-naadza.db2.tgz
zinc-22n/H26/H26P040/a/H26P040-N-naafna.pdbqt.tgz
zinc-22n/H26/H26P040/a/H26P040-L-naabna.db2.tgz
zinc-22n/H26/H26P040/a/H26P040-L-naafza.db2.tgz
zinc-22n/H26/H26P040/a/H26P040-N-naacya.pdbqt.tgz
zinc-22n/H26/H26P040/a/H26P040-L-naafma.db2.tgz
zinc-22n/H26/H26P040/a/H26P040-N-naafma.mol2.tgz
zinc-22n/H26/H26P040/a/H26P040-N-naagta.db2.tgz
zinc-22n/H26/H26P040/a/H26P040-N-naahxa.mol2.tgz
zinc-22n/H26/H26P040/a/H26P040-N-naaaea.mol2.tgz
zinc-22n/H26/H26P040/a/H26P040-N-naagxa.pdbqt.tgz
zinc-22n/H26/H26P040/a/H26P040-N-naaeba.sdf.tgz
zinc-22n/H26/H26P040/a/H26P040-N-naabna.solv.tgz
zinc-22n/H26/H26P040/a/H26P040-N-naabqa.solv.tgz
zinc-22n/H26/H26P040/a/H26P040-L-naabta.db2.tgz
zinc-22n/H26/H26P040/a/H26P040-L-naahfa.db2.tgz
zinc-22n/H26/H26P040/a/H26P040-N-naadya.pdbqt.tgz
zinc-22n/H26/H26P040/a/H26P040-N-naabfa.sdf.tgz
zinc-22n/H26/H26P040/a/H26P040-N-naagqa.solv.tgz
zinc-22n/H26/H26P040/a/H26P040-N-naahba.solv.tgz
zinc-22n/H26/H26P040/a/H26P040-N-naafqa.sdf.tgz
zinc-22n/H26/H26P040/a/H26P040-L-naafla.db2.tgz
zinc-22n/H26/H26P040/a/H26P040-N-naabva.pdbqt.tgz
zinc-22n/H26/H26P040/a/H26P040-N-naafea.mol2.tgz
zinc-22n/H26/H26P040/a/H26P040-N-naahra.mol2.tgz
zinc-22n/H26/H26P040/a/H26P040-N-naafva.db2.tgz
zinc-22n/H26/H26P040/a/H26P040-N-naaepa.mol2.tgz
zinc-22n/H26/H26P040/a/H26P040-N-naafna.solv.tgz
zinc-22n/H26/H26P040/a/H26P040-L-naafba.db2.tgz
zinc-22n/H26/H26P040/a/H26P040-N-naacua.solv.tgz
zinc-22n/H26/H26P040/a/H26P040-L-naafaa.db2.tgz
zinc-22n/H26/H26P040/a/H26P040-N-naaaia.db2.tgz
zinc-22n/H26/H26P040/a/H26P040-N-naacsa.solv.tgz
zinc-22n/H26/H26P040/a/H26P040-N-naaeda.db2.tgz
zinc-22n/H26/H26P040/a/H26P040-N-naaaja.db2.tgz
zinc-22n/H26/H26P040/a/H26P040-N-naaeaa.db2.tgz
zinc-22n/H26/H26P040/a/H26P040-N-naadca.mol2.tgz
zinc-22n/H26/H26P040/a/H26P040-N-naagna.db2.tgz
zinc-22n/H26/H26P040/a/H26P040-N-naaana.pdbqt.tgz
zinc-22n/H26/H26P040/a/H26P040-N-naabea.db2.tgz
zinc-22n/H26/H26P040/a/H26P040-L-naadla.db2.tgz
zinc-22n/H26/H26P040/a/H26P040-L-naadba.db2.tgz
zinc-22n/H26/H26P040/a/H26P040-N-naacca.mol2.tgz
zinc-22n/H26/H26P040/a/H26P040-N-naacba.sdf.tgz
zinc-22n/H26/H26P040/a/H26P040-N-naaeta.mol2.tgz
zinc-22n/H26/H26P040/a/H26P040-L-naagca.db2.tgz
zinc-22n/H26/H26P040/a/H26P040-N-naabya.sdf.tgz
zinc-22n/H26/H26P040/a/H26P040-N-naahwa.mol2.tgz
zinc-22n/H26/H26P040/a/H26P040-N-naaeha.sdf.tgz
zinc-22n/H26/H26P040/a/H26P040-N-naadoa.sdf.tgz
zinc-22n/H26/H26P040/a/H26P040-N-naahia.solv.tgz
zinc-22n/H26/H26P040/a/H26P040-N-naabda.pdbqt.tgz
zinc-22n/H26/H26P040/a/H26P040-N-naaaha.db2.tgz
zinc-22n/H26/H26P040/a/H26P040-N-naaika.db2.tgz
zinc-22n/H26/H26P040/a/H26P040-N-naadma.solv.tgz
zinc-22n/H26/H26P040/a/H26P040-N-naadya.mol2.tgz
zinc-22n/H26/H26P040/a/H26P040-L-naahqa.db2.tgz
zinc-22n/H26/H26P040/a/H26P040-N-naahta.pdbqt.tgz
zinc-22n/H26/H26P040/a/H26P040-N-naacma.mol2.tgz
zinc-22n/H26/H26P040/a/H26P040-N-naacwa.sdf.tgz
zinc-22n/H26/H26P040/a/H26P040-N-naabpa.mol2.tgz
zinc-22n/H26/H26P040/a/H26P040-N-naaela.solv.tgz
zinc-22n/H26/H26P040/a/H26P040-N-naacia.sdf.tgz
zinc-22n/H26/H26P040/a/H26P040-N-naafoa.mol2.tgz
zinc-22n/H26/H26P040/a/H26P040-N-naacpa.sdf.tgz
zinc-22n/H26/H26P040/a/H26P040-N-naaaja.pdbqt.tgz
zinc-22n/H26/H26P040/a/H26P040-N-naacoa.sdf.tgz
zinc-22n/H26/H26P040/a/H26P040-N-naacya.db2.tgz
zinc-22n/H26/H26P040/a/H26P040-N-naacoa.mol2.tgz
zinc-22n/H26/H26P040/a/H26P040-L-naadpa.db2.tgz
zinc-22n/H26/H26P040/a/H26P040-N-naagta.mol2.tgz
zinc-22n/H26/H26P040/a/H26P040-N-naabfa.db2.tgz
zinc-22n/H26/H26P040/a/H26P040-N-naabua.pdbqt.tgz
zinc-22n/H26/H26P040/a/H26P040-O-naaava.db2.tgz
zinc-22n/H26/H26P040/a/H26P040-L-naagwa.db2.tgz
zinc-22n/H26/H26P040/a/H26P040-L-naaeea.db2.tgz
zinc-22n/H26/H26P040/a/H26P040-N-naafda.solv.tgz
zinc-22n/H26/H26P040/a/H26P040-L-naafya.db2.tgz
zinc-22n/H26/H26P040/a/H26P040-N-naabma.sdf.tgz
zinc-22n/H26/H26P040/a/H26P040-N-naagga.pdbqt.tgz
zinc-22n/H26/H26P040/a/H26P040-N-naabta.sdf.tgz
zinc-22n/H26/H26P040/a/H26P040-N-naadja.sdf.tgz
zinc-22n/H26/H26P040/a/H26P040-N-naagca.db2.tgz
zinc-22n/H26/H26P040/a/H26P040-N-naadla.solv.tgz
zinc-22n/H26/H26P040/a/H26P040-N-naadpa.solv.tgz
zinc-22n/H26/H26P040/a/H26P040-N-naabza.db2.tgz
zinc-22n/H26/H26P040/a/H26P040-N-naacwa.mol2.tgz
zinc-22n/H26/H26P040/a/H26P040-N-naaata.sdf.tgz
zinc-22n/H26/H26P040/a/H26P040-N-naabea.pdbqt.tgz
zinc-22n/H26/H26P040/a/H26P040-N-naafca.db2.tgz
zinc-22n/H26/H26P040/a/H26P040-N-naahra.db2.tgz
zinc-22n/H26/H26P040/a/H26P040-N-naagfa.db2.tgz
zinc-22n/H26/H26P040/a/H26P040-L-naacqa.db2.tgz
zinc-22n/H26/H26P040/a/H26P040-L-naagra.db2.tgz
zinc-22n/H26/H26P040/a/H26P040-N-naadda.db2.tgz
zinc-22n/H26/H26P040/a/H26P040-N-naaifa.db2.tgz
zinc-22n/H26/H26P040/a/H26P040-L-naaaoa.db2.tgz
zinc-22n/H26/H26P040/a/H26P040-N-naadea.solv.tgz
zinc-22n/H26/H26P040/a/H26P040-N-naadha.pdbqt.tgz
zinc-22n/H26/H26P040/a/H26P040-N-naafna.db2.tgz
zinc-22n/H26/H26P040/a/H26P040-N-naacha.sdf.tgz
zinc-22n/H26/H26P040/a/H26P040-M-naaaga.sdf.tgz
zinc-22n/H26/H26P040/a/H26P040-N-naagxa.sdf.tgz
zinc-22n/H26/H26P040/a/H26P040-L-naaepa.db2.tgz
zinc-22n/H26/H26P040/a/H26P040-L-naadda.db2.tgz
zinc-22n/H26/H26P040/a/H26P040-L-naaefa.db2.tgz
zinc-22n/H26/H26P040/a/H26P040-N-naadza.pdbqt.tgz
zinc-22n/H26/H26P040/a/H26P040-N-naaiea.db2.tgz
zinc-22n/H26/H26P040/a/H26P040-L-naahea.db2.tgz
zinc-22n/H26/H26P040/a/H26P040-N-naaama.db2.tgz
zinc-22n/H26/H26P040/a/H26P040-N-naadwa.solv.tgz
zinc-22n/H26/H26P040/a/H26P040-N-naadna.solv.tgz
zinc-22n/H26/H26P040/a/H26P040-N-naaela.pdbqt.tgz
zinc-22n/H26/H26P040/a/H26P040-N-naadca.sdf.tgz
zinc-22n/H26/H26P040/a/H26P040-N-naagqa.db2.tgz
zinc-22n/H26/H26P040/a/H26P040-N-naadma.db2.tgz
zinc-22n/H26/H26P040/a/H26P040-N-naacna.pdbqt.tgz
zinc-22n/H26/H26P040/a/H26P040-N-naacma.db2.tgz
zinc-22n/H26/H26P040/a/H26P040-N-naacda.mol2.tgz
zinc-22n/H26/H26P040/a/H26P040-N-naaipa.db2.tgz
zinc-22n/H26/H26P040/a/H26P040-N-naafja.db2.tgz
zinc-22n/H26/H26P040/a/H26P040-N-naafla.sdf.tgz
zinc-22n/H26/H26P040/a/H26P040-N-naadoa.db2.tgz
zinc-22n/H26/H26P040/a/H26P040-N-naafja.pdbqt.tgz
zinc-22n/H26/H26P040/a/H26P040-L-naaaea.db2.tgz
zinc-22n/H26/H26P040/a/H26P040-L-naadka.db2.tgz
zinc-22n/H26/H26P040/a/H26P040-N-naacba.db2.tgz
zinc-22n/H26/H26P040/a/H26P040-N-naadla.mol2.tgz
zinc-22n/H26/H26P040/a/H26P040-N-naafra.pdbqt.tgz
zinc-22n/H26/H26P040/a/H26P040-N-naafba.sdf.tgz
zinc-22n/H26/H26P040/a/H26P040-L-naaafa.db2.tgz
zinc-22n/H26/H26P040/a/H26P040-M-naaafa.pdbqt.tgz
zinc-22n/H26/H26P040/a/H26P040-N-naabwa.pdbqt.tgz
zinc-22n/H26/H26P040/a/H26P040-L-naadja.db2.tgz
zinc-22n/H26/H26P040/a/H26P040-L-naacsa.db2.tgz
zinc-22n/H26/H26P040/a/H26P040-N-naaesa.mol2.tgz
zinc-22n/H26/H26P040/a/H26P040-N-naaaya.mol2.tgz
zinc-22n/H26/H26P040/a/H26P040-N-naagaa.solv.tgz
zinc-22n/H26/H26P040/a/H26P040-N-naafza.sdf.tgz
zinc-22n/H26/H26P040/a/H26P040-N-naaeea.mol2.tgz
zinc-22n/H26/H26P040/a/H26P040-N-naacda.sdf.tgz
zinc-22n/H26/H26P040/a/H26P040-N-naafva.mol2.tgz
zinc-22n/H26/H26P040/a/H26P040-N-naahfa.sdf.tgz
zinc-22n/H26/H26P040/a/H26P040-N-naabka.solv.tgz
zinc-22n/H26/H26P040/a/H26P040-L-naadma.db2.tgz
zinc-22n/H26/H26P040/a/H26P040-N-naahna.pdbqt.tgz
zinc-22n/H26/H26P040/a/H26P040-N-naaeva.pdbqt.tgz
zinc-22n/H26/H26P040/a/H26P040-L-naadna.db2.tgz
zinc-22n/H26/H26P040/a/H26P040-N-naaepa.db2.tgz
zinc-22n/H26/H26P040/a/H26P040-N-naadaa.mol2.tgz
zinc-22n/H26/H26P040/a/H26P040-N-naahea.db2.tgz
zinc-22n/H26/H26P040/a/H26P040-L-naaeba.db2.tgz
zinc-22n/H26/H26P040/a/H26P040-L-naafna.db2.tgz
zinc-22n/H26/H26P040/a/H26P040-N-naacca.pdbqt.tgz
zinc-22n/H26/H26P040/a/H26P040-M-naaafa.solv.tgz
zinc-22n/H26/H26P040/a/H26P040-N-naafra.sdf.tgz
zinc-22n/H26/H26P040/a/H26P040-N-naaeua.db2.tgz
zinc-22n/H26/H26P040/a/H26P040-M-naaaaa.solv.tgz
zinc-22n/H26/H26P040/a/H26P040-N-naafha.sdf.tgz
zinc-22n/H26/H26P040/a/H26P040-N-naadba.pdbqt.tgz
zinc-22n/H26/H26P040/a/H26P040-L-naadea.db2.tgz
zinc-22n/H26/H26P040/a/H26P040-N-naaeia.solv.tgz
zinc-22n/H26/H26P040/a/H26P040-O-naaaia.db2.tgz
zinc-22n/H26/H26P040/a/H26P040-N-naahva.solv.tgz
zinc-22n/H26/H26P040/a/H26P040-L-naaexa.db2.tgz
zinc-22n/H26/H26P040/a/H26P040-N-naabta.db2.tgz
zinc-22n/H26/H26P040/a/H26P040-N-naahfa.solv.tgz
zinc-22n/H26/H26P040/a/H26P040-L-naafca.db2.tgz
zinc-22n/H26/H26P040/a/H26P040-N-naadwa.sdf.tgz
zinc-22n/H26/H26P040/a/H26P040-N-naagpa.mol2.tgz
zinc-22n/H26/H26P040/a/H26P040-N-naagla.mol2.tgz
zinc-22n/H26/H26P040/a/H26P040-N-naaexa.sdf.tgz
zinc-22n/H26/H26P040/a/H26P040-N-naahua.solv.tgz
zinc-22n/H26/H26P040/a/H26P040-N-naacoa.solv.tgz
zinc-22n/H26/H26P040/a/H26P040-N-naacja.db2.tgz
zinc-22n/H26/H26P040/a/H26P040-N-naaaza.sdf.tgz
zinc-22n/H26/H26P040/a/H26P040-N-naafia.sdf.tgz
zinc-22n/H26/H26P040/a/H26P040-N-naaaoa.mol2.tgz
zinc-22n/H26/H26P040/a/H26P040-L-naacea.db2.tgz
zinc-22n/H26/H26P040/a/H26P040-L-naaira.db2.tgz
zinc-22n/H26/H26P040/a/H26P040-N-naabia.db2.tgz
zinc-22n/H26/H26P040/a/H26P040-N-naabca.pdbqt.tgz
zinc-22n/H26/H26P040/a/H26P040-L-naabya.db2.tgz
zinc-22n/H26/H26P040/a/H26P040-L-naabua.db2.tgz
zinc-22n/H26/H26P040/a/H26P040-N-naacka.db2.tgz
zinc-22n/H26/H26P040/a/H26P040-N-naaeia.sdf.tgz
zinc-22n/H26/H26P040/a/H26P040-L-naagka.db2.tgz
zinc-22n/H26/H26P040/a/H26P040-N-naacya.mol2.tgz
zinc-22n/H26/H26P040/a/H26P040-N-naaeka.sdf.tgz
zinc-22n/H26/H26P040/a/H26P040-L-naacoa.db2.tgz
zinc-22n/H26/H26P040/a/H26P040-N-naacya.solv.tgz
zinc-22n/H26/H26P040/a/H26P040-N-naafoa.sdf.tgz
zinc-22n/H26/H26P040/a/H26P040-N-naaeaa.mol2.tgz
zinc-22n/H26/H26P040/a/H26P040-N-naaffa.db2.tgz
zinc-22n/H26/H26P040/a/H26P040-N-naacva.sdf.tgz
zinc-22n/H26/H26P040/a/H26P040-M-naaaea.sdf.tgz
zinc-22n/H26/H26P040/a/H26P040-N-naafqa.pdbqt.tgz
zinc-22n/H26/H26P040/a/H26P040-N-naadia.solv.tgz
zinc-22n/H26/H26P040/a/H26P040-N-naafwa.mol2.tgz
zinc-22n/H26/H26P040/a/H26P040-N-naahha.db2.tgz
zinc-22n/H26/H26P040/a/H26P040-N-naafea.pdbqt.tgz
zinc-22n/H26/H26P040/a/H26P040-N-naabka.sdf.tgz
zinc-22n/H26/H26P040/a/H26P040-N-naahga.solv.tgz
zinc-22n/H26/H26P040/a/H26P040-N-naagia.mol2.tgz
zinc-22n/H26/H26P040/a/H26P040-N-naacka.mol2.tgz
zinc-22n/H26/H26P040/a/H26P040-N-naaeua.pdbqt.tgz
zinc-22n/H26/H26P040/a/H26P040-N-naaema.solv.tgz
zinc-22n/H26/H26P040/a/H26P040-N-naagoa.solv.tgz
zinc-22n/H26/H26P040/a/H26P040-L-naabla.db2.tgz
zinc-22n/H26/H26P040/a/H26P040-N-naaega.pdbqt.tgz
zinc-22n/H26/H26P040/a/H26P040-L-naafta.db2.tgz
zinc-22n/H26/H26P040/a/H26P040-N-naaeja.pdbqt.tgz
zinc-22n/H26/H26P040/a/H26P040-N-naaapa.db2.tgz
zinc-22n/H26/H26P040/a/H26P040-N-naabia.pdbqt.tgz
zinc-22n/H26/H26P040/a/H26P040-N-naadda.pdbqt.tgz
zinc-22n/H26/H26P040/a/H26P040-N-naabya.pdbqt.tgz
zinc-22n/H26/H26P040/a/H26P040-N-naahta.sdf.tgz
zinc-22n/H26/H26P040/a/H26P040-N-naaara.solv.tgz
zinc-22n/H26/H26P040/a/H26P040-N-naahba.mol2.tgz
zinc-22n/H26/H26P040/a/H26P040-N-naaffa.sdf.tgz
zinc-22n/H26/H26P040/a/H26P040-N-naahka.db2.tgz
zinc-22n/H26/H26P040/a/H26P040-L-naagga.db2.tgz
zinc-22n/H26/H26P040/a/H26P040-L-naadya.db2.tgz
zinc-22n/H26/H26P040/a/H26P040-N-naaeea.solv.tgz
zinc-22n/H26/H26P040/a/H26P040-N-naahaa.pdbqt.tgz
zinc-22n/H26/H26P040/a/H26P040-N-naafya.solv.tgz
zinc-22n/H26/H26P040/a/H26P040-N-naadla.sdf.tgz
zinc-22n/H26/H26P040/a/H26P040-N-naaboa.pdbqt.tgz
zinc-22n/H26/H26P040/a/H26P040-N-naaaya.solv.tgz
zinc-22n/H26/H26P040/a/H26P040-L-naahla.db2.tgz
zinc-22n/H26/H26P040/a/H26P040-N-naaija.db2.tgz
zinc-22n/H26/H26P040/a/H26P040-N-naadea.db2.tgz
zinc-22n/H26/H26P040/a/H26P040-N-naahaa.solv.tgz
zinc-22n/H26/H26P040/a/H26P040-L-naacga.db2.tgz
zinc-22n/H26/H26P040/a/H26P040-L-naahga.db2.tgz
zinc-22n/H26/H26P040/a/H26P040-N-naabta.mol2.tgz
zinc-22n/H26/H26P040/a/H26P040-N-naadra.mol2.tgz
zinc-22n/H26/H26P040/a/H26P040-L-naadxa.db2.tgz
zinc-22n/H26/H26P040/a/H26P040-N-naacea.pdbqt.tgz
zinc-22n/H26/H26P040/a/H26P040-N-naahya.pdbqt.tgz
zinc-22n/H26/H26P040/a/H26P040-N-naaeya.sdf.tgz
zinc-22n/H26/H26P040/a/H26P040-N-naagqa.pdbqt.tgz
zinc-22n/H26/H26P040/a/H26P040-L-naaboa.db2.tgz
zinc-22n/H26/H26P040/a/H26P040-N-naafca.sdf.tgz
zinc-22n/H26/H26P040/a/H26P040-N-naadya.db2.tgz
zinc-22n/H26/H26P040/a/H26P040-N-naabza.solv.tgz
zinc-22n/H26/H26P040/a/H26P040-N-naadba.mol2.tgz
zinc-22n/H26/H26P040/a/H26P040-N-naabua.sdf.tgz
zinc-22n/H26/H26P040/a/H26P040-N-naacfa.solv.tgz
zinc-22n/H26/H26P040/a/H26P040-N-naabsa.pdbqt.tgz
zinc-22n/H26/H26P040/a/H26P040-N-naaara.sdf.tgz
zinc-22n/H26/H26P040/a/H26P040-L-naaena.db2.tgz
zinc-22n/H26/H26P040/a/H26P040-N-naahca.pdbqt.tgz
zinc-22n/H26/H26P040/a/H26P040-L-naahja.db2.tgz
zinc-22n/H26/H26P040/a/H26P040-L-naafoa.db2.tgz
zinc-22n/H26/H26P040/a/H26P040-N-naahra.sdf.tgz
zinc-22n/H26/H26P040/a/H26P040-N-naafya.db2.tgz
zinc-22n/H26/H26P040/a/H26P040-N-naadea.sdf.tgz
zinc-22n/H26/H26P040/a/H26P040-L-naagaa.db2.tgz
zinc-22n/H26/H26P040/a/H26P040-N-naabla.mol2.tgz
zinc-22n/H26/H26P040/a/H26P040-N-naacea.sdf.tgz
zinc-22n/H26/H26P040/a/H26P040-N-naafga.db2.tgz
zinc-22n/H26/H26P040/a/H26P040-N-naadra.solv.tgz
zinc-22n/H26/H26P040/a/H26P040-N-naafla.db2.tgz
zinc-22n/H26/H26P040/a/H26P040-N-naabna.db2.tgz
zinc-22n/H26/H26P040/a/H26P040-N-naacva.solv.tgz
zinc-22n/H26/H26P040/a/H26P040-N-naadda.solv.tgz
zinc-22n/H26/H26P040/a/H26P040-L-naafsa.db2.tgz
zinc-22n/H26/H26P040/a/H26P040-M-naaaaa.mol2.tgz
zinc-22n/H26/H26P040/a/H26P040-N-naaeaa.sdf.tgz
zinc-22n/H26/H26P040/a/H26P040-N-naacda.pdbqt.tgz
zinc-22n/H26/H26P040/a/H26P040-L-naabwa.db2.tgz
zinc-22n/H26/H26P040/a/H26P040-N-naaeaa.solv.tgz
zinc-22n/H26/H26P040/a/H26P040-N-naaera.sdf.tgz
zinc-22n/H26/H26P040/a/H26P040-N-naagta.solv.tgz
zinc-22n/H26/H26P040/a/H26P040-N-naafua.db2.tgz
zinc-22n/H26/H26P040/a/H26P040-N-naaaza.pdbqt.tgz
zinc-22n/H26/H26P040/a/H26P040-N-naafma.pdbqt.tgz
zinc-22n/H26/H26P040/a/H26P040-N-naahia.db2.tgz
zinc-22n/H26/H26P040/a/H26P040-N-naadqa.sdf.tgz
zinc-22n/H26/H26P040/a/H26P040-N-naaama.pdbqt.tgz
zinc-22n/H26/H26P040/a/H26P040-N-naagra.pdbqt.tgz
zinc-22n/H26/H26P040/a/H26P040-N-naadva.sdf.tgz
zinc-22n/H26/H26P040/a/H26P040-N-naadqa.db2.tgz
zinc-22n/H26/H26P040/a/H26P040-N-naacxa.pdbqt.tgz
zinc-22n/H26/H26P040/a/H26P040-N-naaaca.sdf.tgz
zinc-22n/H26/H26P040/a/H26P040-N-naaefa.sdf.tgz
zinc-22n/H26/H26P040/a/H26P040-N-naagja.pdbqt.tgz
zinc-22n/H26/H26P040/a/H26P040-M-naaaha.db2.tgz
zinc-22n/H26/H26P040/a/H26P040-N-naaboa.mol2.tgz
zinc-22n/H26/H26P040/a/H26P040-N-naagua.sdf.tgz
zinc-22n/H26/H26P040/a/H26P040-N-naagta.sdf.tgz
zinc-22n/H26/H26P040/a/H26P040-N-naafka.mol2.tgz
zinc-22n/H26/H26P040/a/H26P040-L-naaaca.db2.tgz
zinc-22n/H26/H26P040/a/H26P040-N-naabxa.db2.tgz
zinc-22n/H26/H26P040/a/H26P040-N-naaana.mol2.tgz
zinc-22n/H26/H26P040/a/H26P040-N-naagka.solv.tgz
zinc-22n/H26/H26P040/a/H26P040-L-naahba.db2.tgz
zinc-22n/H26/H26P040/a/H26P040-N-naaava.solv.tgz
zinc-22n/H26/H26P040/a/H26P040-N-naaila.db2.tgz
zinc-22n/H26/H26P040/a/H26P040-N-naacia.pdbqt.tgz
zinc-22n/H26/H26P040/a/H26P040-M-naaaba.sdf.tgz
zinc-22n/H26/H26P040/a/H26P040-N-naagma.db2.tgz
zinc-22n/H26/H26P040/a/H26P040-N-naaena.sdf.tgz
zinc-22n/H26/H26P040/a/H26P040-N-naaaoa.solv.tgz
zinc-22n/H26/H26P040/a/H26P040-L-naaika.db2.tgz
zinc-22n/H26/H26P040/a/H26P040-N-naagva.solv.tgz
zinc-22n/H26/H26P040/a/H26P040-L-naahha.db2.tgz
zinc-22n/H26/H26P040/a/H26P040-N-naabsa.solv.tgz
zinc-22n/H26/H26P040/a/H26P040-L-naabha.db2.tgz
zinc-22n/H26/H26P040/a/H26P040-N-naabua.mol2.tgz
zinc-22n/H26/H26P040/a/H26P040-N-naagka.db2.tgz
zinc-22n/H26/H26P040/a/H26P040-N-naafza.mol2.tgz
zinc-22n/H26/H26P040/a/H26P040-N-naahwa.pdbqt.tgz
zinc-22n/H26/H26P040/a/H26P040-N-naadma.pdbqt.tgz
zinc-22n/H26/H26P040/a/H26P040-N-naafga.sdf.tgz
zinc-22n/H26/H26P040/a/H26P040-N-naabaa.db2.tgz
zinc-22n/H26/H26P040/a/H26P040-N-naafba.solv.tgz
zinc-22n/H26/H26P040/a/H26P040-N-naaeea.db2.tgz
zinc-22n/H26/H26P040/a/H26P040-L-naahoa.db2.tgz
zinc-22n/H26/H26P040/a/H26P040-N-naadqa.pdbqt.tgz
zinc-22n/H26/H26P040/a/H26P040-N-naadsa.pdbqt.tgz
zinc-22n/H26/H26P040/a/H26P040-N-naagfa.pdbqt.tgz
zinc-22n/H26/H26P040/a/H26P040-N-naaera.solv.tgz
zinc-22n/H26/H26P040/a/H26P040-L-naadua.db2.tgz
zinc-22n/H26/H26P040/a/H26P040-N-naagoa.db2.tgz
zinc-22n/H26/H26P040/a/H26P040-L-naabga.db2.tgz
zinc-22n/H26/H26P040/a/H26P040-N-naahxa.solv.tgz
zinc-22n/H26/H26P040/a/H26P040-N-naaaya.sdf.tgz
zinc-22n/H26/H26P040/a/H26P040-N-naadia.mol2.tgz
zinc-22n/H26/H26P040/a/H26P040-N-naagya.db2.tgz
zinc-22n/H26/H26P040/a/H26P040-L-naacha.db2.tgz
zinc-22n/H26/H26P040/a/H26P040-N-naagca.solv.tgz
zinc-22n/H26/H26P040/a/H26P040-N-naacha.mol2.tgz
zinc-22n/H26/H26P040/a/H26P040-N-naahoa.db2.tgz
zinc-22n/H26/H26P040/a/H26P040-M-naaaaa.db2.tgz
zinc-22n/H26/H26P040/a/H26P040-N-naagaa.mol2.tgz
zinc-22n/H26/H26P040/a/H26P040-N-naagxa.solv.tgz
zinc-22n/H26/H26P040/a/H26P040-N-naahga.db2.tgz
zinc-22n/H26/H26P040/a/H26P040-L-naafua.db2.tgz
zinc-22n/H26/H26P040/a/H26P040-N-naagoa.sdf.tgz
zinc-22n/H26/H26P040/a/H26P040-L-naahka.db2.tgz
zinc-22n/H26/H26P040/a/H26P040-N-naabna.pdbqt.tgz
zinc-22n/H26/H26P040/a/H26P040-N-naacha.db2.tgz
zinc-22n/H26/H26P040/a/H26P040-N-naahpa.pdbqt.tgz
zinc-22n/H26/H26P040/a/H26P040-N-naagia.db2.tgz
zinc-22n/H26/H26P040/a/H26P040-N-naacfa.db2.tgz
zinc-22n/H26/H26P040/a/H26P040-N-naadia.pdbqt.tgz
zinc-22n/H26/H26P040/a/H26P040-N-naaaua.db2.tgz
zinc-22n/H26/H26P040/a/H26P040-L-naacka.db2.tgz
zinc-22n/H26/H26P040/a/H26P040-N-naaeda.mol2.tgz
zinc-22n/H26/H26P040/a/H26P040-N-naaeda.solv.tgz
zinc-22n/H26/H26P040/a/H26P040-N-naagaa.pdbqt.tgz
zinc-22n/H26/H26P040/a/H26P040-N-naafga.pdbqt.tgz
zinc-22n/H26/H26P040/a/H26P040-N-naabha.pdbqt.tgz
zinc-22n/H26/H26P040/a/H26P040-N-naagla.sdf.tgz
zinc-22n/H26/H26P040/a/H26P040-L-naaeza.db2.tgz
zinc-22n/H26/H26P040/a/H26P040-N-naacna.solv.tgz
zinc-22n/H26/H26P040/a/H26P040-L-naabia.db2.tgz
zinc-22n/H26/H26P040/a/H26P040-N-naabga.pdbqt.tgz
zinc-22n/H26/H26P040/a/H26P040-N-naafka.sdf.tgz
zinc-22n/H26/H26P040/a/H26P040-N-naafpa.sdf.tgz
zinc-22n/H26/H26P040/a/H26P040-N-naaima.db2.tgz
zinc-22n/H26/H26P040/a/H26P040-N-naacua.sdf.tgz
zinc-22n/H26/H26P040/a/H26P040-N-naafpa.pdbqt.tgz
zinc-22n/H26/H26P040/a/H26P040-N-naadua.sdf.tgz
zinc-22n/H26/H26P040/a/H26P040-L-naaaua.db2.tgz
zinc-22n/H26/H26P040/a/H26P040-N-naaada.db2.tgz
zinc-22n/H26/H26P040/a/H26P040-N-naaeja.db2.tgz
zinc-22n/H26/H26P040/a/H26P040-N-naadga.pdbqt.tgz
zinc-22n/H26/H26P040/a/H26P040-N-naacba.mol2.tgz
zinc-22n/H26/H26P040/a/H26P040-N-naafva.solv.tgz
zinc-22n/H26/H26P040/a/H26P040-L-naaera.db2.tgz
zinc-22n/H26/H26P040/a/H26P040-N-naacta.solv.tgz
zinc-22n/H26/H26P040/a/H26P040-L-naaata.db2.tgz
zinc-22n/H26/H26P040/a/H26P040-N-naagja.mol2.tgz
zinc-22n/H26/H26P040/a/H26P040-N-naahpa.mol2.tgz
zinc-22n/H26/H26P040/a/H26P040-N-naahxa.db2.tgz
zinc-22n/H26/H26P040/a/H26P040-N-naaasa.pdbqt.tgz
zinc-22n/H26/H26P040/a/H26P040-N-naaaza.mol2.tgz
zinc-22n/H26/H26P040/a/H26P040-N-naafxa.db2.tgz
zinc-22n/H26/H26P040/a/H26P040-N-naacda.solv.tgz
zinc-22n/H26/H26P040/a/H26P040-L-naaeia.db2.tgz
zinc-22n/H26/H26P040/a/H26P040-N-naaaxa.solv.tgz
zinc-22n/H26/H26P040/a/H26P040-N-naaaca.pdbqt.tgz
zinc-22n/H26/H26P040/a/H26P040-L-naaaya.db2.tgz
zinc-22n/H26/H26P040/a/H26P040-N-naafoa.db2.tgz
zinc-22n/H26/H26P040/a/H26P040-N-naadua.mol2.tgz
zinc-22n/H26/H26P040/a/H26P040-N-naacqa.db2.tgz
zinc-22n/H26/H26P040/a/H26P040-N-naaffa.mol2.tgz
zinc-22n/H26/H26P040/a/H26P040-N-naabta.pdbqt.tgz
zinc-22n/H26/H26P040/a/H26P040-N-naagza.pdbqt.tgz
zinc-22n/H26/H26P040/a/H26P040-N-naaapa.mol2.tgz
zinc-22n/H26/H26P040/a/H26P040-N-naaapa.pdbqt.tgz
zinc-22n/H26/H26P040/a/H26P040-N-naabza.mol2.tgz
zinc-22n/H26/H26P040/a/H26P040-N-naahha.mol2.tgz
zinc-22n/H26/H26P040/a/H26P040-L-naadaa.db2.tgz
zinc-22n/H26/H26P040/a/H26P040-N-naaaka.solv.tgz
zinc-22n/H26/H26P040/a/H26P040-N-naadsa.db2.tgz
zinc-22n/H26/H26P040/a/H26P040-L-naaega.db2.tgz
zinc-22n/H26/H26P040/a/H26P040-N-naahea.solv.tgz
zinc-22n/H26/H26P040/a/H26P040-N-naagsa.mol2.tgz
zinc-22n/H26/H26P040/a/H26P040-N-naaewa.solv.tgz
zinc-22n/H26/H26P040/a/H26P040-N-naacqa.sdf.tgz
zinc-22n/H26/H26P040/a/H26P040-O-naaaga.db2.tgz
zinc-22n/H26/H26P040/a/H26P040-N-naagpa.pdbqt.tgz
zinc-22n/H26/H26P040/a/H26P040-N-naaela.mol2.tgz
zinc-22n/H26/H26P040/a/H26P040-N-naaiia.db2.tgz
zinc-22n/H26/H26P040/a/H26P040-N-naagja.sdf.tgz
zinc-22n/H26/H26P040/a/H26P040-N-naagaa.db2.tgz
zinc-22n/H26/H26P040/a/H26P040-N-naafpa.solv.tgz
zinc-22n/H26/H26P040/a/H26P040-N-naabka.db2.tgz
zinc-22n/H26/H26P040/a/H26P040-L-naaaaa.sdf.tgz
zinc-22n/H26/H26P040/a/H26P040-N-naafxa.sdf.tgz
zinc-22n/H26/H26P040/a/H26P040-N-naagwa.sdf.tgz
zinc-22n/H26/H26P040/a/H26P040-L-naaiqa.db2.tgz
zinc-22n/H26/H26P040/a/H26P040-L-naabva.db2.tgz
zinc-22n/H26/H26P040/a/H26P040-N-naahfa.pdbqt.tgz
zinc-22n/H26/H26P040/a/H26P040-N-naahga.sdf.tgz
zinc-22n/H26/H26P040/a/H26P040-L-naaaqa.db2.tgz
zinc-22n/H26/H26P040/a/H26P040-N-naacwa.solv.tgz
zinc-22n/H26/H26P040/a/H26P040-N-naabia.sdf.tgz
zinc-22n/H26/H26P040/a/H26P040-N-naacea.solv.tgz
zinc-22n/H26/H26P040/a/H26P040-N-naafwa.sdf.tgz
zinc-22n/H26/H26P040/a/H26P040-N-naacea.mol2.tgz
zinc-22n/H26/H26P040/a/H26P040-N-naabra.pdbqt.tgz
zinc-22n/H26/H26P040/a/H26P040-N-naacsa.sdf.tgz
zinc-22n/H26/H26P040/a/H26P040-L-naaasa.db2.tgz
zinc-22n/H26/H26P040/a/H26P040-N-naahpa.db2.tgz
zinc-22n/H26/H26P040/a/H26P040-N-naafda.db2.tgz
zinc-22n/H26/H26P040/a/H26P040-L-naaela.db2.tgz
zinc-22n/H26/H26P040/a/H26P040-N-naaefa.pdbqt.tgz
zinc-22n/H26/H26P040/a/H26P040-N-naabfa.mol2.tgz
zinc-22n/H26/H26P040/a/H26P040-N-naagka.pdbqt.tgz
zinc-22n/H26/H26P040/a/H26P040-N-naaexa.mol2.tgz
zinc-22n/H26/H26P040/a/H26P040-N-naaeza.mol2.tgz
zinc-22n/H26/H26P040/a/H26P040-N-naafia.pdbqt.tgz
zinc-22n/H26/H26P040/a/H26P040-N-naabxa.sdf.tgz
zinc-22n/H26/H26P040/a/H26P040-N-naaama.solv.tgz
zinc-22n/H26/H26P040/a/H26P040-N-naacqa.solv.tgz
zinc-22n/H26/H26P040/a/H26P040-N-naacsa.mol2.tgz
zinc-22n/H26/H26P040/a/H26P040-N-naaaua.pdbqt.tgz
zinc-22n/H26/H26P040/a/H26P040-L-naagya.db2.tgz
zinc-22n/H26/H26P040/a/H26P040-N-naafsa.pdbqt.tgz
zinc-22n/H26/H26P040/a/H26P040-M-naaaha.sdf.tgz
zinc-22n/H26/H26P040/a/H26P040-N-naaala.pdbqt.tgz
zinc-22n/H26/H26P040/a/H26P040-N-naadwa.db2.tgz
zinc-22n/H26/H26P040/a/H26P040-N-naadra.pdbqt.tgz
zinc-22n/H26/H26P040/a/H26P040-M-naaada.solv.tgz
zinc-22n/H26/H26P040/a/H26P040-N-naahja.mol2.tgz
zinc-22n/H26/H26P040/a/H26P040-N-naagla.solv.tgz
zinc-22n/H26/H26P040/a/H26P040-M-naaaha.mol2.tgz
zinc-22n/H26/H26P040/a/H26P040-N-naabea.solv.tgz
zinc-22n/H26/H26P040/a/H26P040-N-naaesa.solv.tgz
zinc-22n/H26/H26P040/a/H26P040-N-naafza.db2.tgz
zinc-22n/H26/H26P040/a/H26P040-N-naafda.sdf.tgz
zinc-22n/H26/H26P040/a/H26P040-N-naaewa.db2.tgz
zinc-22n/H26/H26P040/a/H26P040-N-naadya.solv.tgz
zinc-22n/H26/H26P040/a/H26P040-N-naahba.pdbqt.tgz
zinc-22n/H26/H26P040/a/H26P040-L-naagma.db2.tgz
zinc-22n/H26/H26P040/a/H26P040-N-naafia.solv.tgz
zinc-22n/H26/H26P040/a/H26P040-N-naagya.sdf.tgz
zinc-22n/H26/H26P040/a/H26P040-N-naadpa.db2.tgz
zinc-22n/H26/H26P040/a/H26P040-N-naabua.solv.tgz
zinc-22n/H26/H26P040/a/H26P040-N-naahpa.sdf.tgz
zinc-22n/H26/H26P040/a/H26P040-N-naaema.db2.tgz
zinc-22n/H26/H26P040/a/H26P040-L-naacaa.db2.tgz
zinc-22n/H26/H26P040/a/H26P040-N-naaaia.pdbqt.tgz
zinc-22n/H26/H26P040/a/H26P040-N-naaaia.solv.tgz
zinc-22n/H26/H26P040/a/H26P040-N-naagia.sdf.tgz
zinc-22n/H26/H26P040/a/H26P040-N-naagva.db2.tgz
zinc-22n/H26/H26P040/a/H26P040-N-naaaea.sdf.tgz
zinc-22n/H26/H26P040/a/H26P040-L-naaija.db2.tgz
zinc-22n/H26/H26P040/a/H26P040-N-naaaxa.db2.tgz
zinc-22n/H26/H26P040/a/H26P040-L-naabfa.db2.tgz
zinc-22n/H26/H26P040/a/H26P040-N-naafma.sdf.tgz
zinc-22n/H26/H26P040/a/H26P040-N-naahoa.solv.tgz
zinc-22n/H26/H26P040/a/H26P040-L-naaida.db2.tgz
zinc-22n/H26/H26P040/a/H26P040-L-naagoa.db2.tgz
zinc-22n/H26/H26P040/a/H26P040-N-naaeoa.db2.tgz
zinc-22n/H26/H26P040/a/H26P040-N-naafna.sdf.tgz
zinc-22n/H26/H26P040/a/H26P040-N-naagxa.db2.tgz
zinc-22n/H26/H26P040/a/H26P040-N-naaaea.pdbqt.tgz
zinc-22n/H26/H26P040/a/H26P040-O-naaaua.db2.tgz
zinc-22n/H26/H26P040/a/H26P040-L-naaisa.db2.tgz
zinc-22n/H26/H26P040/a/H26P040-N-naahwa.sdf.tgz
zinc-22n/H26/H26P040/a/H26P040-N-naaawa.solv.tgz
zinc-22n/H26/H26P040/a/H26P040-L-naaama.db2.tgz
zinc-22n/H26/H26P040/a/H26P040-N-naaeua.mol2.tgz
zinc-22n/H26/H26P040/a/H26P040-L-naaesa.db2.tgz
zinc-22n/H26/H26P040/a/H26P040-N-naaeba.mol2.tgz
zinc-22n/H26/H26P040/a/H26P040-L-naaaia.db2.tgz
zinc-22n/H26/H26P040/a/H26P040-N-naahya.sdf.tgz
zinc-22n/H26/H26P040/a/H26P040-N-naacga.db2.tgz
zinc-22n/H26/H26P040/a/H26P040-N-naacza.solv.tgz
zinc-22n/H26/H26P040/a/H26P040-N-naahca.db2.tgz
zinc-22n/H26/H26P040/a/H26P040-M-naaaba.db2.tgz
zinc-22n/H26/H26P040/a/H26P040-N-naahma.solv.tgz
zinc-22n/H26/H26P040/a/H26P040-N-naahja.db2.tgz
zinc-22n/H26/H26P040/a/H26P040-L-naacva.db2.tgz
zinc-22n/H26/H26P040/a/H26P040-N-naaaba.sdf.tgz
zinc-22n/H26/H26P040/a/H26P040-N-naaapa.sdf.tgz
zinc-22n/H26/H26P040/a/H26P040-N-naacza.mol2.tgz
zinc-22n/H26/H26P040/a/H26P040-N-naagra.sdf.tgz
zinc-22n/H26/H26P040/a/H26P040-N-naagha.sdf.tgz
zinc-22n/H26/H26P040/a/H26P040-N-naahsa.db2.tgz
zinc-22n/H26/H26P040/a/H26P040-N-naadma.mol2.tgz
zinc-22n/H26/H26P040/a/H26P040-N-naaana.solv.tgz
zinc-22n/H26/H26P040/a/H26P040-N-naaada.pdbqt.tgz
zinc-22n/H26/H26P040/a/H26P040-N-naahma.mol2.tgz
zinc-22n/H26/H26P040/a/H26P040-L-naaeca.db2.tgz
zinc-22n/H26/H26P040/a/H26P040-N-naaeya.db2.tgz
zinc-22n/H26/H26P040/a/H26P040-L-naaeaa.db2.tgz
zinc-22n/H26/H26P040/a/H26P040-N-naaboa.db2.tgz
zinc-22n/H26/H26P040/a/H26P040-N-naadza.sdf.tgz
zinc-22n/H26/H26P040/a/H26P040-N-naabra.solv.tgz
zinc-22n/H26/H26P040/a/H26P040-N-naaiha.db2.tgz
zinc-22n/H26/H26P040/a/H26P040-N-naacua.mol2.tgz
zinc-22n/H26/H26P040/a/H26P040-N-naabqa.db2.tgz
zinc-22n/H26/H26P040/a/H26P040-L-naacla.db2.tgz
zinc-22n/H26/H26P040/a/H26P040-N-naabma.solv.tgz
zinc-22n/H26/H26P040/a/H26P040-L-naacda.db2.tgz
zinc-22n/H26/H26P040/a/H26P040-N-naaaga.pdbqt.tgz
zinc-22n/H26/H26P040/a/H26P040-N-naaaaa.sdf.tgz
zinc-22n/H26/H26P040/a/H26P040-M-naaaga.db2.tgz
zinc-22n/H26/H26P040/a/H26P040-N-naadpa.mol2.tgz
zinc-22n/H26/H26P040/a/H26P040-N-naahla.sdf.tgz
zinc-22n/H26/H26P040/a/H26P040-L-naabsa.db2.tgz
zinc-22n/H26/H26P040/a/H26P040-N-naahea.pdbqt.tgz
zinc-22n/H26/H26P040/a/H26P040-N-naacja.sdf.tgz
zinc-22n/H26/H26P040/a/H26P040-N-naaeya.mol2.tgz
zinc-22n/H26/H26P040/a/H26P040-N-naaega.solv.tgz
zinc-22n/H26/H26P040/a/H26P040-L-naacba.db2.tgz
zinc-22n/H26/H26P040/a/H26P040-N-naahca.mol2.tgz
zinc-22n/H26/H26P040/a/H26P040-N-naadta.solv.tgz
zinc-22n/H26/H26P040/a/H26P040-N-naahsa.solv.tgz
zinc-22n/H26/H26P040/a/H26P040-N-naafxa.mol2.tgz
zinc-22n/H26/H26P040/a/H26P040-N-naabua.db2.tgz
zinc-22n/H26/H26P040/a/H26P040-N-naaeza.pdbqt.tgz
zinc-22n/H26/H26P040/a/H26P040-N-naaena.pdbqt.tgz
zinc-22n/H26/H26P040/a/H26P040-L-naagna.db2.tgz
zinc-22n/H26/H26P040/a/H26P040-N-naaboa.sdf.tgz
zinc-22n/H26/H26P040/a/H26P040-N-naaisa.db2.tgz
zinc-22n/H26/H26P040/a/H26P040-N-naahja.sdf.tgz
zinc-22n/H26/H26P040/a/H26P040-N-naaaga.db2.tgz
zinc-22n/H26/H26P040/a/H26P040-N-naaaga.sdf.tgz
zinc-22n/H26/H26P040/a/H26P040-L-naadta.db2.tgz
zinc-22n/H26/H26P040/a/H26P040-N-naaffa.pdbqt.tgz
zinc-22n/H26/H26P040/a/H26P040-N-naadra.sdf.tgz
zinc-22n/H26/H26P040/a/H26P040-N-naaewa.sdf.tgz
zinc-22n/H26/H26P040/a/H26P040-N-naagwa.pdbqt.tgz
zinc-22n/H26/H26P040/a/H26P040-N-naadva.db2.tgz
zinc-22n/H26/H26P040/a/H26P040-L-naafea.db2.tgz
zinc-22n/H26/H26P040/a/H26P040-N-naabja.db2.tgz
zinc-22n/H26/H26P040/a/H26P040-N-naaeaa.pdbqt.tgz
zinc-22n/H26/H26P040/a/H26P040-N-naafaa.db2.tgz
zinc-22n/H26/H26P040/a/H26P040-N-naacfa.pdbqt.tgz
zinc-22n/H26/H26P040/a/H26P040-N-naahia.mol2.tgz
zinc-22n/H26/H26P040/a/H26P040-N-naadta.sdf.tgz
zinc-22n/H26/H26P040/a/H26P040-L-naaaaa.mol2.tgz
zinc-22n/H26/H26P040/a/H26P040-N-naabha.solv.tgz
zinc-22n/H26/H26P040/a/H26P040-M-naaaga.pdbqt.tgz
zinc-22n/H26/H26P040/a/H26P040-N-naacxa.solv.tgz
zinc-22n/H26/H26P040/a/H26P040-N-naaffa.solv.tgz
zinc-22n/H26/H26P040/a/H26P040-N-naaaaa.db2.tgz
zinc-22n/H26/H26P040/a/H26P040-L-naahna.db2.tgz
zinc-22n/H26/H26P040/a/H26P040-N-naahga.mol2.tgz
zinc-22n/H26/H26P040/a/H26P040-N-naahma.db2.tgz
zinc-22n/H26/H26P040/a/H26P040-N-naafha.db2.tgz
zinc-22n/H26/H26P040/a/H26P040-L-naagqa.db2.tgz
zinc-22n/H26/H26P040/a/H26P040-L-naabka.db2.tgz
zinc-22n/H26/H26P040/a/H26P040-N-naadua.solv.tgz
zinc-22n/H26/H26P040/a/H26P040-N-naabia.mol2.tgz
zinc-22n/H26/H26P040/a/H26P040-N-naadoa.solv.tgz
zinc-22n/H26/H26P040/a/H26P040-N-naafha.mol2.tgz
zinc-22n/H26/H26P040/a/H26P040-N-naagea.sdf.tgz
zinc-22n/H26/H26P040/a/H26P040-N-naacya.sdf.tgz
zinc-22n/H26/H26P040/a/H26P040-N-naagba.sdf.tgz
zinc-22n/H26/H26P040/a/H26P040-N-naabba.mol2.tgz
zinc-22n/H26/H26P040/a/H26P040-N-naahha.sdf.tgz
zinc-22n/H26/H26P040/a/H26P040-N-naahca.sdf.tgz
zinc-22n/H26/H26P040/a/H26P040-N-naafwa.db2.tgz
zinc-22n/H26/H26P040/a/H26P040-N-naahda.mol2.tgz
zinc-22n/H26/H26P040/a/H26P040-L-naaioa.db2.tgz
zinc-22n/H26/H26P040/a/H26P040-L-naabda.db2.tgz
zinc-22n/H26/H26P040/a/H26P040-N-naaeqa.pdbqt.tgz
zinc-22n/H26/H26P040/a/H26P040-N-naadda.sdf.tgz
zinc-22n/H26/H26P040/a/H26P040-N-naacua.pdbqt.tgz
zinc-22n/H26/H26P040/a/H26P040-L-naahta.db2.tgz
zinc-22n/H26/H26P040/a/H26P040-M-naaaca.mol2.tgz
zinc-22n/H26/H26P040/a/H26P040-N-naahoa.mol2.tgz
zinc-22n/H26/H26P040/a/H26P040-N-naadia.sdf.tgz
zinc-22n/H26/H26P040/a/H26P040-O-naabga.db2.tgz
zinc-22n/H26/H26P040/a/H26P040-N-naafva.pdbqt.tgz
zinc-22n/H26/H26P040/a/H26P040-N-naabga.mol2.tgz
zinc-22n/H26/H26P040/a/H26P040-N-naaeba.db2.tgz
zinc-22n/H26/H26P040/a/H26P040-N-naadoa.pdbqt.tgz
zinc-22n/H26/H26P040/a/H26P040-N-naafea.sdf.tgz
zinc-22n/H26/H26P040/a/H26P040-N-naacqa.mol2.tgz
zinc-22n/H26/H26P040/a/H26P040-N-naadca.pdbqt.tgz
zinc-22n/H26/H26P040/a/H26P040-N-naahqa.pdbqt.tgz
zinc-22n/H26/H26P040/a/H26P040-L-naaaaa.pdbqt.tgz
zinc-22n/H26/H26P040/a/H26P040-N-naafaa.mol2.tgz
zinc-22n/H26/H26P040/a/H26P040-N-naafta.mol2.tgz
zinc-22n/H26/H26P040/a/H26P040-N-naadva.pdbqt.tgz
zinc-22n/H26/H26P040/a/H26P040-N-naadva.mol2.tgz
zinc-22n/H26/H26P040/a/H26P040-N-naabra.sdf.tgz
zinc-22n/H26/H26P040/a/H26P040-N-naacfa.mol2.tgz
zinc-22n/H26/H26P040/a/H26P040-N-naaala.db2.tgz
zinc-22n/H26/H26P040/a/H26P040-N-naacha.solv.tgz
zinc-22n/H26/H26P040/a/H26P040-N-naaara.pdbqt.tgz
zinc-22n/H26/H26P040/a/H26P040-L-naaiha.db2.tgz
zinc-22n/H26/H26P040/a/H26P040-N-naaeoa.solv.tgz
zinc-22n/H26/H26P040/a/H26P040-N-naabaa.sdf.tgz
zinc-22n/H26/H26P040/a/H26P040-N-naagua.pdbqt.tgz
zinc-22n/H26/H26P040/a/H26P040-M-naaaea.solv.tgz
zinc-22n/H26/H26P040/a/H26P040-L-naagfa.db2.tgz
zinc-22n/H26/H26P040/a/H26P040-N-naabpa.pdbqt.tgz
zinc-22n/H26/H26P040/a/H26P040-N-naacna.db2.tgz
zinc-22n/H26/H26P040/a/H26P040-N-naadfa.pdbqt.tgz
zinc-22n/H26/H26P040/a/H26P040-L-naafga.db2.tgz
zinc-22n/H26/H26P040/a/H26P040-N-naahma.sdf.tgz
zinc-22n/H26/H26P040/a/H26P040-L-naabqa.db2.tgz
zinc-22n/H26/H26P040/a/H26P040-L-naahia.db2.tgz
zinc-22n/H26/H26P040/a/H26P040-N-naabma.db2.tgz
zinc-22n/H26/H26P040/a/H26P040-N-naabca.mol2.tgz
zinc-22n/H26/H26P040/a/H26P040-N-naafva.sdf.tgz
zinc-22n/H26/H26P040/a/H26P040-L-naacta.db2.tgz
zinc-22n/H26/H26P040/a/H26P040-N-naadca.solv.tgz
zinc-22n/H26/H26P040/a/H26P040-N-naaaja.mol2.tgz
zinc-22n/H26/H26P040/a/H26P040-N-naabga.solv.tgz
zinc-22n/H26/H26P040/a/H26P040-L-naahca.db2.tgz
zinc-22n/H26/H26P040/a/H26P040-N-naaexa.pdbqt.tgz
zinc-22n/H26/H26P040/a/H26P040-N-naadxa.solv.tgz
zinc-22n/H26/H26P040/a/H26P040-N-naaboa.solv.tgz
zinc-22n/H26/H26P040/a/H26P040-N-naafia.db2.tgz
zinc-22n/H26/H26P040/a/H26P040-L-naafia.db2.tgz
zinc-22n/H26/H26P040/a/H26P040-L-naadoa.db2.tgz
zinc-22n/H26/H26P040/a/H26P040-N-naaaxa.mol2.tgz
zinc-22n/H26/H26P040/a/H26P040-N-naaeza.sdf.tgz
zinc-22n/H26/H26P040/a/H26P040-N-naahja.pdbqt.tgz
zinc-22n/H26/H26P040/a/H26P040-L-naaawa.db2.tgz
zinc-22n/H26/H26P040/a/H26P040-N-naabpa.db2.tgz
zinc-22n/H26/H26P040/a/H26P040-N-naaefa.db2.tgz
zinc-22n/H26/H26P040/a/H26P040-M-naaaea.mol2.tgz
zinc-22n/H26/H26P040/a/H26P040-N-naafca.pdbqt.tgz
zinc-22n/H26/H26P040/a/H26P040-N-naaeza.db2.tgz
zinc-22n/H26/H26P040/a/H26P040-N-naaepa.pdbqt.tgz
zinc-22n/H26/H26P040/a/H26P040-N-naagma.pdbqt.tgz
zinc-22n/H26/H26P040/a/H26P040-N-naadta.pdbqt.tgz
zinc-22n/H26/H26P040/a/H26P040-N-naaada.sdf.tgz
zinc-22n/H26/H26P040/a/H26P040-N-naaaxa.pdbqt.tgz
zinc-22n/H26/H26P040/a/H26P040-N-naaewa.mol2.tgz
zinc-22n/H26/H26P040/a/H26P040-N-naadpa.sdf.tgz
zinc-22n/H26/H26P040/a/H26P040-N-naaaka.db2.tgz
zinc-22n/H26/H26P040/a/H26P040-N-naafea.db2.tgz
zinc-22n/H26/H26P040/a/H26P040-L-naaeqa.db2.tgz
zinc-22n/H26/H26P040/a/H26P040-L-naahma.db2.tgz
zinc-22n/H26/H26P040/a/H26P040-N-naaava.db2.tgz
zinc-22n/H26/H26P040/a/H26P040-N-naacaa.mol2.tgz
zinc-22n/H26/H26P040/a/H26P040-N-naaeda.sdf.tgz
zinc-22n/H26/H26P040/a/H26P040-N-naafqa.db2.tgz
zinc-22n/H26/H26P040/a/H26P040-N-naahka.pdbqt.tgz
zinc-22n/H26/H26P040/a/H26P040-N-naafoa.pdbqt.tgz
zinc-22n/H26/H26P040/a/H26P040-N-naacta.pdbqt.tgz
zinc-22n/H26/H26P040/a/H26P040-N-naaeza.solv.tgz
zinc-22n/H26/H26P040/a/H26P040-N-naacga.mol2.tgz
zinc-22n/H26/H26P040/a/H26P040-L-naadra.db2.tgz
zinc-22n/H26/H26P040/a/H26P040-M-naaaha.pdbqt.tgz
zinc-22n/H26/H26P040/a/H26P040-N-naafqa.solv.tgz
zinc-22n/H26/H26P040/a/H26P040-L-naafka.db2.tgz
zinc-22n/H26/H26P040/a/H26P040-N-naahta.solv.tgz
zinc-22n/H26/H26P040/a/H26P040-N-naaaea.db2.tgz
zinc-22n/H26/H26P040/a/H26P040-N-naaeva.mol2.tgz
zinc-22n/H26/H26P040/a/H26P040-N-naabba.sdf.tgz
zinc-22n/H26/H26P040/a/H26P040-N-naaeca.mol2.tgz
zinc-22n/H26/H26P040/a/H26P040-N-naagaa.sdf.tgz
zinc-22n/H26/H26P040/a/H26P040-N-naadla.db2.tgz
zinc-22n/H26/H26P040/a/H26P040-N-naagqa.sdf.tgz
zinc-22n/H26/H26P040/a/H26P040-L-naagja.db2.tgz
zinc-22n/H26/H26P040/a/H26P040-L-naaala.db2.tgz
zinc-22n/H26/H26P040/a/H26P040-N-naafwa.pdbqt.tgz
zinc-22n/H26/H26P040/a/H26P040-N-naacxa.db2.tgz
zinc-22n/H26/H26P040/a/H26P040-N-naaasa.sdf.tgz
zinc-22n/H26/H26P040/a/H26P040-N-naafba.pdbqt.tgz
zinc-22n/H26/H26P040/a/H26P040-N-naaawa.sdf.tgz
zinc-22n/H26/H26P040/a/H26P040-N-naadja.db2.tgz
zinc-22n/H26/H26P040/a/H26P040-N-naaepa.sdf.tgz
zinc-22n/H26/H26P040/a/H26P040-N-naaaca.mol2.tgz
zinc-22n/H26/H26P040/a/H26P040-N-naacza.db2.tgz
zinc-22n/H26/H26P040/a/H26P040-N-naagka.sdf.tgz
zinc-22n/H26/H26P040/a/H26P040-N-naaaea.solv.tgz
zinc-22n/H26/H26P040/a/H26P040-M-naaada.pdbqt.tgz
zinc-22n/H26/H26P040/a/H26P040-N-naaena.solv.tgz
zinc-22n/H26/H26P040/a/H26P040-N-naagja.db2.tgz
zinc-22n/H26/H26P040/a/H26P040-N-naadha.sdf.tgz
zinc-22n/H26/H26P040/a/H26P040-N-naagsa.solv.tgz
zinc-22n/H26/H26P040/a/H26P040-M-naaaca.pdbqt.tgz
zinc-22n/H26/H26P040/a/H26P040-N-naagya.solv.tgz
zinc-22n/H26/H26P040/a/H26P040-N-naaata.solv.tgz
zinc-22n/H26/H26P040/a/H26P040-L-naahsa.db2.tgz
zinc-22n/H26/H26P040/a/H26P040-L-naabxa.db2.tgz
zinc-22n/H26/H26P040/a/H26P040-L-naagxa.db2.tgz
zinc-22n/H26/H26P040/a/H26P040-N-naafxa.solv.tgz
zinc-22n/H26/H26P040/a/H26P040-N-naaeea.sdf.tgz
zinc-22n/H26/H26P040/a/H26P040-L-naahva.db2.tgz
zinc-22n/H26/H26P040/a/H26P040-N-naaema.pdbqt.tgz
zinc-22n/H26/H26P040/a/H26P040-N-naaasa.db2.tgz
zinc-22n/H26/H26P040/a/H26P040-N-naahra.solv.tgz
zinc-22n/H26/H26P040/a/H26P040-N-naahka.mol2.tgz
zinc-22n/H26/H26P040/a/H26P040-M-naaaea.pdbqt.tgz
zinc-22n/H26/H26P040/a/H26P040-N-naafta.sdf.tgz
zinc-22n/H26/H26P040/a/H26P040-N-naaaka.pdbqt.tgz
zinc-22n/H26/H26P040/a/H26P040-L-naafpa.db2.tgz
zinc-22n/H26/H26P040/a/H26P040-N-naaaha.mol2.tgz
zinc-22n/H26/H26P040/a/H26P040-N-naaeqa.mol2.tgz
zinc-22n/H26/H26P040/a/H26P040-N-naabka.mol2.tgz
zinc-22n/H26/H26P040/a/H26P040-N-naaeha.solv.tgz
zinc-22n/H26/H26P040/a/H26P040-N-naahba.sdf.tgz
zinc-22n/H26/H26P040/a/H26P040-N-naabqa.sdf.tgz
zinc-22n/H26/H26P040/a/H26P040-N-naagga.solv.tgz
zinc-22n/H26/H26P040/a/H26P040-N-naaaha.solv.tgz
zinc-22n/H26/H26P040/a/H26P040-L-naafha.db2.tgz
zinc-22n/H26/H26P040/a/H26P040-N-naadga.mol2.tgz
zinc-22n/H26/H26P040/a/H26P040-N-naacwa.db2.tgz
zinc-22n/H26/H26P040/a/H26P040-L-naaada.db2.tgz
zinc-22n/H26/H26P040/a/H26P040-N-naacta.mol2.tgz
zinc-22n/H26/H26P040/a/H26P040-N-naacla.mol2.tgz
zinc-22n/H26/H26P040/a/H26P040-N-naaega.mol2.tgz
zinc-22n/H26/H26P040/a/H26P040-N-naaexa.db2.tgz
zinc-22n/H26/H26P040/a/H26P040-N-naagza.sdf.tgz
zinc-22n/H26/H26P040/a/H26P040-N-naabja.solv.tgz
zinc-22n/H26/H26P040/a/H26P040-N-naabaa.mol2.tgz
zinc-22n/H26/H26P040/a/H26P040-N-naacha.pdbqt.tgz
zinc-22n/H26/H26P040/a/H26P040-M-naaaba.solv.tgz
zinc-22n/H26/H26P040/a/H26P040-O-naaama.db2.tgz
zinc-22n/H26/H26P040/a/H26P040-N-naagfa.solv.tgz
zinc-22n/H26/H26P040/a/H26P040-N-naaega.db2.tgz
zinc-22n/H26/H26P040/a/H26P040-N-naaena.mol2.tgz
zinc-22n/H26/H26P040/a/H26P040-N-naabpa.sdf.tgz
zinc-22n/H26/H26P040/a/H26P040-L-naaaja.db2.tgz
zinc-22n/H26/H26P040/a/H26P040-N-naadja.solv.tgz
zinc-22n/H26/H26P040/a/H26P040-N-naagwa.solv.tgz
zinc-22n/H26/H26P040/a/H26P040-N-naadja.mol2.tgz
zinc-22n/H26/H26P040/a/H26P040-N-naadea.mol2.tgz
zinc-22n/H26/H26P040/a/H26P040-N-naafha.solv.tgz
zinc-22n/H26/H26P040/a/H26P040-N-naahja.solv.tgz
zinc-22n/H26/H26P040/a/H26P040-N-naagya.pdbqt.tgz
zinc-22n/H26/H26P040/a/H26P040-L-naagza.db2.tgz
zinc-22n/H26/H26P040/a/H26P040-N-naagva.sdf.tgz
zinc-22n/H26/H26P040/a/H26P040-L-naaiea.db2.tgz
zinc-22n/H26/H26P040/a/H26P040-N-naaeua.solv.tgz
zinc-22n/H26/H26P040/a/H26P040-N-naafaa.solv.tgz
zinc-22n/H26/H26P040/a/H26P040-M-naaaea.db2.tgz
zinc-22n/H26/H26P040/a/H26P040-N-naacwa.pdbqt.tgz
zinc-22n/H26/H26P040/a/H26P040-N-naadea.pdbqt.tgz
zinc-22n/H26/H26P040/a/H26P040-N-naaaqa.pdbqt.tgz
zinc-22n/H26/H26P040/a/H26P040-N-naafla.solv.tgz
zinc-22n/H26/H26P040/a/H26P040-N-naagla.db2.tgz
zinc-22n/H26/H26P040/a/H26P040-N-naadfa.solv.tgz
zinc-22n/H26/H26P040/a/H26P040-N-naacpa.pdbqt.tgz
zinc-22n/H26/H26P040/a/H26P040-N-naabpa.solv.tgz
zinc-22n/H26/H26P040/a/H26P040-N-naaaqa.db2.tgz
zinc-22n/H26/H26P040/a/H26P040-N-naahqa.sdf.tgz
zinc-22n/H26/H26P040/a/H26P040-N-naadxa.mol2.tgz
zinc-22n/H26/H26P040/a/H26P040-N-naadva.solv.tgz
zinc-22n/H26/H26P040/a/H26P040-N-naacaa.pdbqt.tgz
zinc-22n/H26/H26P040/a/H26P040-N-naaara.db2.tgz
zinc-22n/H26/H26P040/a/H26P040-O-naaaka.db2.tgz
zinc-22n/H26/H26P040/a/H26P040-L-naahxa.db2.tgz
zinc-22n/H26/H26P040/a/H26P040-N-naaasa.solv.tgz
zinc-22n/H26/H26P040/a/H26P040-N-naafta.db2.tgz
zinc-22n/H26/H26P040/a/H26P040-O-naaaha.db2.tgz
zinc-22n/H26/H26P040/a/H26P040-N-naadka.solv.tgz
zinc-22n/H26/H26P040/a/H26P040-N-naaaaa.solv.tgz
zinc-22n/H26/H26P040/a/H26P040-N-naaama.mol2.tgz
zinc-22n/H26/H26P040/a/H26P040-L-naaaga.db2.tgz
zinc-22n/H26/H26P040/a/H26P040-N-naabfa.solv.tgz
zinc-22n/H26/H26P040/a/H26P040-N-naaaba.solv.tgz
zinc-22n/H26/H26P040/a/H26P040-N-naaiqa.db2.tgz
zinc-22n/H26/H26P040/a/H26P040-N-naabxa.mol2.tgz
zinc-22n/H26/H26P040/a/H26P040-N-naaaba.pdbqt.tgz
zinc-22n/H26/H26P040/a/H26P040-N-naacca.solv.tgz
zinc-22n/H26/H26P040/a/H26P040-N-naadka.pdbqt.tgz
zinc-22n/H26/H26P040/a/H26P040-N-naabfa.pdbqt.tgz
zinc-22n/H26/H26P040/a/H26P040-N-naabha.db2.tgz
zinc-22n/H26/H26P040/a/H26P040-L-naabba.db2.tgz
zinc-22n/H26/H26P040/a/H26P040-N-naagoa.pdbqt.tgz
zinc-22n/H26/H26P040/a/H26P040-N-naaeoa.pdbqt.tgz
zinc-22n/H26/H26P040/a/H26P040-N-naaama.sdf.tgz
zinc-22n/H26/H26P040/a/H26P040-N-naafsa.solv.tgz
zinc-22n/H26/H26P040/a/H26P040-N-naaeqa.sdf.tgz
zinc-22n/H26/H26P040/a/H26P040-N-naahaa.db2.tgz
zinc-22n/H26/H26P040/a/H26P040-N-naabja.pdbqt.tgz
zinc-22n/H26/H26P040/a/H26P040-N-naahqa.mol2.tgz
zinc-22n/H26/H26P040/a/H26P040-N-naahwa.db2.tgz
zinc-22n/H26/H26P040/a/H26P040-N-naagqa.mol2.tgz
zinc-22n/H26/H26P040/a/H26P040-N-naaela.sdf.tgz
zinc-22n/H26/H26P040/a/H26P040-N-naafia.mol2.tgz
zinc-22n/H26/H26P040/a/H26P040-N-naacla.solv.tgz
zinc-22n/H26/H26P040/a/H26P040-N-naabya.mol2.tgz
zinc-22n/H26/H26P040/a/H26P040-M-naaaba.mol2.tgz
zinc-22n/H26/H26P040/a/H26P040-N-naafpa.mol2.tgz
zinc-22n/H26/H26P040/a/H26P040-N-naacia.solv.tgz
zinc-22n/H26/H26P040/a/H26P040-N-naacma.sdf.tgz
zinc-22n/H26/H26P040/a/H26P040-L-naaaza.db2.tgz
zinc-22n/H26/H26P040/a/H26P040-N-naagpa.sdf.tgz
zinc-22n/H26/H26P040/a/H26P040-N-naaaxa.sdf.tgz
zinc-22n/H26/H26P040/a/H26P040-M-naaaca.solv.tgz
zinc-22n/H26/H26P040/a/H26P040-N-naacua.db2.tgz
zinc-22n/H26/H26P040/a/H26P040-N-naagha.solv.tgz
zinc-22n/H26/H26P040/a/H26P040-N-naacca.db2.tgz
zinc-22n/H26/H26P040/a/H26P040-N-naagua.mol2.tgz
zinc-22n/H26/H26P040/a/H26P040-N-naahwa.solv.tgz
zinc-22n/H26/H26P040/a/H26P040-N-naahoa.sdf.tgz
zinc-22n/H26/H26P040/a/H26P040-N-naaena.db2.tgz
zinc-22n/H26/H26P040/a/H26P040-N-naahva.sdf.tgz
zinc-22n/H26/H26P040/a/H26P040-N-naadpa.pdbqt.tgz
zinc-22n/H26/H26P040/a/H26P040-L-naagia.db2.tgz
zinc-22n/H26/H26P040/a/H26P040-L-naadga.db2.tgz
zinc-22n/H26/H26P040/a/H26P040-L-naacna.db2.tgz
zinc-22n/H26/H26P040/a/H26P040-N-naabya.solv.tgz
zinc-22n/H26/H26P040/a/H26P040-N-naagma.solv.tgz
zinc-22n/H26/H26P040/a/H26P040-N-naaesa.pdbqt.tgz
zinc-22n/H26/H26P040/a/H26P040-N-naaaka.mol2.tgz
zinc-22n/H26/H26P040/a/H26P040-N-naaeta.pdbqt.tgz
zinc-22n/H26/H26P040/a/H26P040-N-naaeya.solv.tgz
zinc-22n/H26/H26P040/a/H26P040-L-naaana.db2.tgz
zinc-22n/H26/H26P040/a/H26P040-N-naaaga.mol2.tgz
zinc-22n/H26/H26P040/a/H26P040-L-naaeha.db2.tgz
zinc-22n/H26/H26P040/a/H26P040-N-naacea.db2.tgz
zinc-22n/H26/H26P040/a/H26P040-N-naabha.sdf.tgz
zinc-22n/H26/H26P040/a/H26P040-N-naadka.sdf.tgz
zinc-22n/H26/H26P040/a/H26P040-N-naafua.sdf.tgz
zinc-22n/H26/H26P040/a/H26P040-N-naacba.pdbqt.tgz
zinc-22n/H26/H26P040/a/H26P040-L-naaapa.db2.tgz
zinc-22n/H26/H26P040/a/H26P040-M-naaaaa.pdbqt.tgz
zinc-22n/H26/H26P040/a/H26P040-N-naabaa.solv.tgz
zinc-22n/H26/H26P040/a/H26P040-N-naacva.mol2.tgz
zinc-22n/H26/H26P040/a/H26P040-N-naadsa.mol2.tgz
zinc-22n/H26/H26P040/a/H26P040-N-naabda.solv.tgz
zinc-22n/H26/H26P040/a/H26P040-N-naaesa.sdf.tgz
zinc-22n/H26/H26P040/a/H26P040-N-naacza.sdf.tgz
zinc-22n/H26/H26P040/a/H26P040-N-naahqa.db2.tgz
zinc-22n/H26/H26P040/a/H26P040-N-naahha.pdbqt.tgz
zinc-22n/H26/H26P040/a/H26P040-N-naafka.db2.tgz
zinc-22n/H26/H26P040/a/H26P040-N-naaeta.db2.tgz
zinc-22n/H26/H26P040/a/H26P040-N-naadka.mol2.tgz
zinc-22n/H26/H26P040/a/H26P040-N-naabwa.solv.tgz
zinc-22n/H26/H26P040/a/H26P040-N-naahca.solv.tgz
zinc-22n/H26/H26P040/a/H26P040-N-naafla.pdbqt.tgz
zinc-22n/H26/H26P040/a/H26P040-N-naadba.sdf.tgz
zinc-22n/H26/H26P040/a/H26P040-L-naaeya.db2.tgz
zinc-22n/H26/H26P040/a/H26P040-N-naagsa.sdf.tgz
zinc-22n/H26/H26P040/a/H26P040-N-naahta.db2.tgz
zinc-22n/H26/H26P040/a/H26P040-L-naagpa.db2.tgz
zinc-22n/H26/H26P040/a/H26P040-N-naahfa.db2.tgz
zinc-22n/H26/H26P040/a/H26P040-N-naadwa.pdbqt.tgz
zinc-22n/H26/H26P040/a/H26P040-N-naadla.pdbqt.tgz
zinc-22n/H26/H26P040/a/H26P040-N-naaaca.solv.tgz
zinc-22n/H26/H26P040/a/H26P040-N-naahla.db2.tgz
zinc-22n/H26/H26P040/a/H26P040-N-naaeva.db2.tgz
zinc-22n/H26/H26P040/a/H26P040-N-naaeqa.solv.tgz
zinc-22n/H26/H26P040/a/H26P040-N-naacma.solv.tgz
zinc-22n/H26/H26P040/a/H26P040-N-naacia.mol2.tgz
zinc-22n/H26/H26P040/a/H26P040-N-naabxa.solv.tgz
zinc-22n/H26/H26P040/a/H26P040-N-naaafa.sdf.tgz
zinc-22n/H26/H26P040/a/H26P040-N-naadaa.sdf.tgz
zinc-22n/H26/H26P040/a/H26P040-L-naagea.db2.tgz
zinc-22n/H26/H26P040/a/H26P040-N-naahsa.mol2.tgz
zinc-22n/H26/H26P040/a/H26P040-N-naaada.solv.tgz
zinc-22n/H26/H26P040/a/H26P040-N-naaema.mol2.tgz
zinc-22n/H26/H26P040/a/H26P040-L-naabza.db2.tgz
zinc-22n/H26/H26P040/a/H26P040-N-naabsa.mol2.tgz
zinc-22n/H26/H26P040/a/H26P040-N-naafsa.db2.tgz
zinc-22n/H26/H26P040/a/H26P040-L-naacfa.db2.tgz
zinc-22n/H26/H26P040/a/H26P040-N-naaema.sdf.tgz
zinc-22n/H26/H26P040/a/H26P040-N-naabca.solv.tgz
zinc-22n/H26/H26P040/a/H26P040-N-naahva.pdbqt.tgz
zinc-22n/H26/H26P040/a/H26P040-N-naagza.db2.tgz
zinc-22n/H26/H26P040/a/H26P040-N-naahsa.pdbqt.tgz
zinc-22n/H26/H26P040/a/H26P040-N-naaeta.solv.tgz
zinc-22n/H26/H26P040/a/H26P040-N-naacpa.solv.tgz
zinc-22n/H26/H26P040/a/H26P040-N-naacka.pdbqt.tgz
zinc-22n/H26/H26P040/a/H26P040-M-naaaba.pdbqt.tgz
zinc-22n/H26/H26P040/a/H26P040-N-naacsa.db2.tgz
zinc-22n/H26/H26P040/a/H26P040-N-naaawa.db2.tgz
zinc-22n/H26/H26P040/a/H26P040-N-naahka.solv.tgz
zinc-22n/H26/H26P040/a/H26P040-N-naagna.mol2.tgz
zinc-22n/H26/H26P040/a/H26P040-N-naabna.sdf.tgz
zinc-22n/H26/H26P040/a/H26P040-N-naacla.db2.tgz
zinc-22n/H26/H26P040/a/H26P040-N-naafaa.sdf.tgz
zinc-22n/H26/H26P040/a/H26P040-N-naagia.solv.tgz
zinc-22n/H26/H26P040/a/H26P040-N-naaaya.pdbqt.tgz
zinc-22n/H26/H26P040/a/H26P040-N-naaeca.solv.tgz
zinc-22n/H26/H26P040/a/H26P040-N-naaava.mol2.tgz
zinc-22n/H26/H26P040/a/H26P040-M-naaaca.db2.tgz
zinc-22n/H26/H26P040/a/H26P040-L-naaifa.db2.tgz
zinc-22n/H26/H26P040/a/H26P040-N-naafna.mol2.tgz
zinc-22n/H26/H26P040/a/H26P040-N-naaava.pdbqt.tgz
zinc-22n/H26/H26P040/a/H26P040-N-naadha.solv.tgz
zinc-22n/H26/H26P040/a/H26P040-M-naaada.sdf.tgz
zinc-22n/H26/H26P040/a/H26P040-N-naafca.mol2.tgz
zinc-22n/H26/H26P040/a/H26P040-N-naacra.pdbqt.tgz
zinc-22n/H26/H26P040/a/H26P040-L-naagha.db2.tgz
zinc-22n/H26/H26P040/a/H26P040-N-naahva.mol2.tgz
zinc-22n/H26/H26P040/a/H26P040-N-naacra.mol2.tgz
zinc-22n/H26/H26P040/a/H26P040-N-naaeja.mol2.tgz
zinc-22n/H26/H26P040/a/H26P040-N-naabma.mol2.tgz
zinc-22n/H26/H26P040/a/H26P040-N-naaepa.solv.tgz
zinc-22n/H26/H26P040/a/H26P040-N-naagca.mol2.tgz
zinc-22n/H26/H26P040/a/H26P040-N-naadqa.mol2.tgz
zinc-22n/H26/H26P040/a/H26P040-N-naaiba.db2.tgz
zinc-22n/H26/H26P040/a/H26P040-N-naafza.pdbqt.tgz
zinc-22n/H26/H26P040/a/H26P040-N-naaeha.db2.tgz
zinc-22n/H26/H26P040/a/H26P040-N-naagra.solv.tgz
zinc-22n/H26/H26P040/a/H26P040-N-naadha.mol2.tgz
zinc-22n/H26/H26P040/a/H26P040-N-naaata.mol2.tgz
zinc-22n/H26/H26P040/a/H26P040-N-naadja.pdbqt.tgz
zinc-22n/H26/H26P040/a/H26P040-N-naaaaa.mol2.tgz
zinc-22n/H26/H26P040/a/H26P040-N-naahua.db2.tgz
zinc-22n/H26/H26P040/a/H26P040-N-naaeca.sdf.tgz
zinc-22n/H26/H26P040/a/H26P040-N-naagba.mol2.tgz
zinc-22n/H26/H26P040/a/H26P040-N-naafma.solv.tgz
zinc-22n/H26/H26P040/a/H26P040-N-naaaya.db2.tgz
zinc-22n/H26/H26P040/a/H26P040-N-naagda.db2.tgz
zinc-22n/H26/H26P040/a/H26P040-N-naaawa.mol2.tgz
zinc-22n/H26/H26P040/a/H26P040-N-naafoa.solv.tgz
zinc-22n/H26/H26P040/a/H26P040-N-naacga.solv.tgz
zinc-22n/H26/H26P040/a/H26P040-N-naacra.solv.tgz
zinc-22n/H26/H26P040/a/H26P040-N-naaega.sdf.tgz
zinc-22n/H26/H26P040/a/H26P040-L-naacwa.db2.tgz
zinc-22n/H26/H26P040/a/H26P040-L-naaava.db2.tgz
zinc-22n/H26/H26P040/a/H26P040-N-naabla.pdbqt.tgz
zinc-22n/H26/H26P040/a/H26P040-M-naaaga.solv.tgz
zinc-22n/H26/H26P040/a/H26P040-N-naaeha.mol2.tgz
zinc-22n/H26/H26P040/a/H26P040-N-naaeoa.sdf.tgz
zinc-22n/H26/H26P040/a/H26P040-L-naabma.db2.tgz
zinc-22n/H26/H26P040/a/H26P040-N-naagya.mol2.tgz
zinc-22n/H26/H26P040/a/H26P040-N-naafla.mol2.tgz
zinc-22n/H26/H26P040/a/H26P040-N-naahna.solv.tgz
zinc-22n/H26/H26P040/a/H26P040-N-naahya.solv.tgz
zinc-22n/H26/H26P040/a/H26P040-N-naabva.sdf.tgz
zinc-22n/H26/H26P040/a/H26P040-N-naabva.db2.tgz
zinc-22n/H26/H26P040/a/H26P040-N-naahaa.mol2.tgz
zinc-22n/H26/H26P040/a/H26P040-N-naadfa.mol2.tgz
zinc-22n/H26/H26P040/a/H26P040-M-naaafa.sdf.tgz
zinc-22n/H26/H26P040/a/H26P040-N-naabla.solv.tgz
zinc-22n/H26/H26P040/a/H26P040-L-naadca.db2.tgz
zinc-22n/H26/H26P040/a/H26P040-N-naahia.sdf.tgz
zinc-22n/H26/H26P040/a/H26P040-N-naagha.mol2.tgz
zinc-22n/H26/H26P040/a/H26P040-N-naaaca.db2.tgz
zinc-22n/H26/H26P040/a/H26P040-N-naafsa.mol2.tgz
zinc-22n/H26/H26P040/a/H26P040-N-naabea.mol2.tgz
zinc-22n/H26/H26P040/a/H26P040-N-naahda.solv.tgz
zinc-22n/H26/H26P040/a/H26P040-N-naadwa.mol2.tgz
zinc-22n/H26/H26P040/a/H26P040-N-naagla.pdbqt.tgz
zinc-22n/H26/H26P040/a/H26P040-N-naaaia.mol2.tgz
zinc-22n/H26/H26P040/a/H26P040-N-naafka.solv.tgz
zinc-22n/H26/H26P040/a/H26P040-N-naafea.solv.tgz
zinc-22n/H26/H26P040/a/H26P040-N-naaeea.pdbqt.tgz
zinc-22n/H26/H26P040/a/H26P040-N-naahfa.mol2.tgz
zinc-22n/H26/H26P040/a/H26P040-N-naafua.mol2.tgz
zinc-22n/H26/H26P040/a/H26P040-N-naafja.mol2.tgz
zinc-22n/H26/H26P040/a/H26P040-N-naagva.pdbqt.tgz
zinc-22n/H26/H26P040/a/H26P040-N-naafca.solv.tgz
zinc-22n/H26/H26P040/a/H26P040-N-naaala.sdf.tgz
zinc-22n/H26/H26P040/a/H26P040-N-naafra.solv.tgz
zinc-22n/H26/H26P040/a/H26P040-N-naafta.solv.tgz
zinc-22n/H26/H26P040/a/H26P040-N-naahga.pdbqt.tgz
zinc-22n/H26/H26P040/a/H26P040-N-naabwa.mol2.tgz
zinc-22n/H26/H26P040/a/H26P040-N-naagea.solv.tgz
zinc-22n/H26/H26P040/a/H26P040-N-naabia.solv.tgz
zinc-22n/H26/H26P040/a/H26P040-N-naafja.solv.tgz
zinc-22n/H26/H26P040/a/H26P040-N-naafka.pdbqt.tgz
zinc-22n/H26/H26P040/a/H26P040-N-naadaa.pdbqt.tgz
zinc-22n/H26/H26P040/a/H26P040-N-naaefa.mol2.tgz
zinc-22n/H26/H26P040/a/H26P040-L-naaeja.db2.tgz
zinc-22n/H26/H26P040/a/H26P040-N-naaaga.solv.tgz
zinc-22n/H26/H26P040/a/H26P040-N-naagsa.pdbqt.tgz
zinc-22n/H26/H26P040/a/H26P040-N-naagfa.mol2.tgz
zinc-22n/H26/H26P040/a/H26P040-N-naaana.sdf.tgz
zinc-22n/H26/H26P040/a/H26P040-N-naacja.solv.tgz
zinc-22n/H26/H26P040/a/H26P040-N-naacla.pdbqt.tgz
zinc-22n/H26/H26P040/a/H26P040-L-naahwa.db2.tgz
zinc-22n/H26/H26P040/a/H26P040-N-naacma.pdbqt.tgz
zinc-22n/H26/H26P040/a/H26P040-N-naahua.sdf.tgz
zinc-22n/H26/H26P040/a/H26P040-N-naacpa.mol2.tgz
zinc-22n/H26/H26P040/a/H26P040-L-naagua.db2.tgz
zinc-22n/H26/H26P040/a/H26P040-N-naahaa.sdf.tgz
zinc-22n/H26/H26P040/a/H26P040-N-naaaqa.sdf.tgz
zinc-22n/H26/H26P040/a/H26P040-N-naagxa.mol2.tgz
zinc-22n/H26/H26P040/a/H26P040-N-naafra.mol2.tgz
zinc-22n/H26/H26P040/a/H26P040-L-naadza.db2.tgz
zinc-22n/H26/H26P040/a/H26P040-N-naabja.mol2.tgz
zinc-22n/H26/H26P040/a/H26P040-L-naadva.db2.tgz
zinc-22n/H26/H26P040/a/H26P040-L-naaaxa.db2.tgz
zinc-22n/H26/H26P040/a/H26P040-N-naahka.sdf.tgz
zinc-22n/H26/H26P040/a/H26P040-L-naacma.db2.tgz
zinc-22n/H26/H26P040/a/H26P040-N-naaaua.mol2.tgz
zinc-22n/H26/H26P040/a/H26P040-N-naagca.pdbqt.tgz
zinc-22n/H26/H26P040/a/H26P040-N-naagea.pdbqt.tgz
zinc-22n/H26/H26P040/a/H26P040-L-naagva.db2.tgz
zinc-22n/H26/H26P040/a/H26P040-L-naacia.db2.tgz
zinc-22n/H26/H26P040/a/H26P040-N-naahna.sdf.tgz
zinc-22n/H26/H26P040/a/H26P040-N-naaeua.sdf.tgz
zinc-22n/H26/H26P040/a/H26P040-N-naadma.sdf.tgz
zinc-22n/H26/H26P040/a/H26P040-N-naafza.solv.tgz
zinc-22n/H26/H26P040/a/H26P040-N-naagoa.mol2.tgz
zinc-22n/H26/H26P040/a/H26P040-N-naabsa.sdf.tgz
zinc-22n/H26/H26P040/a/H26P040-N-naagra.mol2.tgz
zinc-22n/H26/H26P040/a/H26P040-N-naaata.pdbqt.tgz
zinc-22n/H26/H26P040/a/H26P040-N-naabda.mol2.tgz
zinc-22n/H26/H26P040/a/H26P040-N-naafaa.pdbqt.tgz
zinc-22n/H26/H26P040/a/H26P040-L-naafva.db2.tgz
zinc-22n/H26/H26P040/a/H26P040-N-naabva.solv.tgz
zinc-22n/H26/H26P040/a/H26P040-N-naagna.solv.tgz
zinc-22n/H26/H26P040/a/H26P040-N-naaafa.solv.tgz
zinc-22n/H26/H26P040/a/H26P040-N-naacfa.sdf.tgz
zinc-22n/H26/H26P040/a/H26P040-N-naaexa.solv.tgz
zinc-22n/H26/H26P040/a/H26P040-N-naabwa.db2.tgz
zinc-22n/H26/H26P040/a/H26P040-N-naacra.sdf.tgz
zinc-22n/H26/H26P040/a/H26P040-N-naaeka.pdbqt.tgz
zinc-22n/H26/H26P040/a/H26P040-N-naaaqa.solv.tgz
zinc-22n/H26/H26P040/a/H26P040-N-naaasa.mol2.tgz
zinc-22n/H26/H26P040/a/H26P040-N-naahpa.solv.tgz
zinc-22n/H26/H26P040/a/H26P040-N-naagda.solv.tgz
zinc-22n/H26/H26P040/a/H26P040-N-naadya.sdf.tgz
zinc-22n/H26/H26P040/a/H26P040-N-naagfa.sdf.tgz
zinc-22n/H26/H26P040/a/H26P040-N-naaeta.sdf.tgz
zinc-22n/H26/H26P040/a/H26P040-N-naabta.solv.tgz
zinc-22n/H26/H26P040/a/H26P040-L-naafda.db2.tgz
zinc-22n/H26/H26P040/a/H26P040-N-naacja.mol2.tgz
zinc-22n/H26/H26P040/a/H26P040-L-naahpa.db2.tgz
zinc-22n/H26/H26P040/a/H26P040-N-naadfa.db2.tgz
zinc-22n/H26/H26P040/a/H26P040-N-naabva.mol2.tgz
zinc-22n/H26/H26P040/a/H26P040-N-naagga.mol2.tgz
zinc-22n/H26/H26P040/a/H26P040-L-naaeua.db2.tgz
zinc-22n/H26/H26P040/a/H26P040-N-naadsa.sdf.tgz
zinc-22n/H26/H26P040/a/H26P040-N-naagma.mol2.tgz
zinc-22n/H26/H26P040/a/H26P040-L-naaiua.db2.tgz
zinc-22n/H26/H26P040/a/H26P040-N-naafqa.mol2.tgz
zinc-22n/H26/H26P040/a/H26P040-L-naaiaa.db2.tgz
zinc-22n/H26/H26P040/a/H26P040-L-naacza.db2.tgz
zinc-22n/H26/H26P040/a/H26P040-N-naadsa.solv.tgz
zinc-22n/H26/H26P040/a/H26P040-N-naaeja.sdf.tgz
zinc-22n/H26/H26P040/a/H26P040-N-naagba.pdbqt.tgz
zinc-22n/H26/H26P040/a/H26P040-N-naacqa.pdbqt.tgz
zinc-22n/H26/H26P040/a/H26P040-N-naabra.mol2.tgz
zinc-22n/H26/H26P040/a/H26P040-N-naaaaa.pdbqt.tgz
zinc-22n/H26/H26P040/a/H26P040-N-naafua.pdbqt.tgz
zinc-22n/H26/H26P040/a/H26P040-N-naafxa.pdbqt.tgz
zinc-22n/H26/H26P040/a/H26P040-N-naabqa.pdbqt.tgz
zinc-22n/H26/H26P040/a/H26P040-N-naacca.sdf.tgz
zinc-22n/H26/H26P040/a/H26P040-N-naahxa.sdf.tgz
zinc-22n/H26/H26P040/a/H26P040-N-naafya.sdf.tgz
zinc-22n/H26/H26P040/a/H26P040-L-naacxa.db2.tgz
zinc-22n/H26/H26P040/a/H26P040-N-naahva.db2.tgz
zinc-22n/H26/H26P040/a/H26P040-N-naabda.sdf.tgz
zinc-22n/H26/H26P040/a/H26P040-N-naagua.db2.tgz
zinc-22n/H26/H26P040/a/H26P040-N-naafda.mol2.tgz
zinc-22n/H26/H26P040/a/H26P040-L-naaeva.db2.tgz
zinc-22n/H26/H26P040/a/H26P040-N-naaeka.db2.tgz
zinc-22n/H26/H26P040/a/H26P040-N-naacta.db2.tgz
zinc-22n/H26/H26P040/a/H26P040-N-naafma.db2.tgz
zinc-22n/H26/H26P040/a/H26P040-L-naaaaa.solv.tgz
zinc-22n/H26/H26P040/a/H26P040-N-naagua.solv.tgz
zinc-22n/H26/H26P040/a/H26P040-N-naagna.pdbqt.tgz
zinc-22n/H26/H26P040/a/H26P040-N-naahoa.pdbqt.tgz
zinc-22n/H26/H26P040/a/H26P040-N-naabxa.pdbqt.tgz
zinc-22n/H26/H26P040/a/H26P040-N-naaafa.db2.tgz
zinc-22n/H26/H26P040/a/H26P040-N-naagpa.solv.tgz
zinc-22n/H26/H26P040/a/H26P040-L-naabaa.db2.tgz
zinc-22n/H26/H26P040/a/H26P040-N-naagba.solv.tgz
zinc-22n/H26/H26P040/a/H26P040-N-naaaua.sdf.tgz
zinc-22n/H26/H26P040/a/H26P040-N-naaata.db2.tgz
zinc-22n/H26/H26P040/a/H26P040-N-naabwa.sdf.tgz
zinc-22n/H26/H26P040/a/H26P040-N-naadka.db2.tgz
zinc-22n/H26/H26P040/a/H26P040-L-naaiba.db2.tgz
zinc-22n/H26/H26P040/a/H26P040-N-naacta.sdf.tgz
zinc-22n/H26/H26P040/a/H26P040-N-naaera.mol2.tgz
zinc-22n/H26/H26P040/a/H26P040-N-naaera.pdbqt.tgz
zinc-22n/H26/H26P040/a/H26P040-N-naabra.db2.tgz
zinc-22n/H26/H26P040/a/H26P040-N-naacna.mol2.tgz
zinc-22n/H26/H26P040/a/H26P040-N-naaaia.sdf.tgz
zinc-22n/H26/H26P040/a/H26P040-N-naaeya.pdbqt.tgz
zinc-22n/H26/H26P040/a/H26P040-N-naabka.pdbqt.tgz
zinc-22n/H26/H26P040/a/H26P040-N-naagpa.db2.tgz
zinc-22n/H26/H26P040/a/H26P040-L-naaeda.db2.tgz
zinc-22n/H26/H26P040/a/H26P040-N-naabna.mol2.tgz
zinc-22n/H26/H26P040/a/H26P040-N-naaafa.pdbqt.tgz
zinc-22n/H26/H26P040/a/H26P040-N-naaeka.solv.tgz
zinc-22n/H26/H26P040/a/H26P040-N-naahya.db2.tgz
zinc-22n/H26/H26P040/a/H26P040-N-naaiaa.db2.tgz
zinc-22n/H26/H26P040/a/H26P040-N-naafga.mol2.tgz
zinc-22n/H26/H26P040/a/H26P040-L-naaeka.db2.tgz
zinc-22n/H26/H26P040/a/H26P040-N-naaeca.pdbqt.tgz
zinc-22n/H26/H26P040/a/H26P040-N-naaara.mol2.tgz
zinc-22n/H26/H26P040/a/H26P040-N-naaawa.pdbqt.tgz
zinc-22n/H26/H26P040/a/H26P040-N-naafya.pdbqt.tgz
zinc-22n/H26/H26P040/a/H26P040-N-naabca.db2.tgz
zinc-22n/H26/H26P040/a/H26P040-N-naaeva.sdf.tgz
zinc-22n/H26/H26P040/a/H26P040-L-naaaka.db2.tgz
zinc-22n/H26/H26P040/a/H26P040-N-naadna.sdf.tgz
zinc-22n/H26/H26P040/a/H26P040-N-naacoa.db2.tgz
zinc-22n/H26/H26P040/b/H26P040-N-naaaib.db2.tgz
zinc-22n/H26/H26P040/b/H26P040-L-naaebb.db2.tgz
zinc-22n/H26/H26P040/b/H26P040-L-naafgb.db2.tgz
zinc-22n/H26/H26P040/b/H26P040-L-naaiob.db2.tgz
zinc-22n/H26/H26P040/b/H26P040-L-naactb.db2.tgz
zinc-22n/H26/H26P040/b/H26P040-L-naadpb.db2.tgz
zinc-22n/H26/H26P040/b/H26P040-L-naafwb.db2.tgz
zinc-22n/H26/H26P040/b/H26P040-L-naahhb.db2.tgz
zinc-22n/H26/H26P040/b/H26P040-L-naaccb.db2.tgz
zinc-22n/H26/H26P040/b/H26P040-L-naabxb.db2.tgz
zinc-22n/H26/H26P040/b/H26P040-N-naadcb.db2.tgz
zinc-22n/H26/H26P040/b/H26P040-L-naaimb.db2.tgz
zinc-22n/H26/H26P040/b/H26P040-L-naabpb.db2.tgz
zinc-22n/H26/H26P040/b/H26P040-L-naaedb.db2.tgz
zinc-22n/H26/H26P040/b/H26P040-L-naacvb.db2.tgz
zinc-22n/H26/H26P040/b/H26P040-L-naadob.db2.tgz
zinc-22n/H26/H26P040/b/H26P040-N-naacnb.db2.tgz
zinc-22n/H26/H26P040/b/H26P040-L-naahrb.db2.tgz
zinc-22n/H26/H26P040/b/H26P040-L-naadhb.db2.tgz
zinc-22n/H26/H26P040/b/H26P040-L-naacjb.db2.tgz
zinc-22n/H26/H26P040/b/H26P040-L-naahwb.db2.tgz
zinc-22n/H26/H26P040/b/H26P040-L-naadjb.db2.tgz
zinc-22n/H26/H26P040/b/H26P040-L-naaheb.db2.tgz
zinc-22n/H26/H26P040/b/H26P040-N-naaadb.db2.tgz
zinc-22n/H26/H26P040/b/H26P040-L-naaesb.db2.tgz
zinc-22n/H26/H26P040/b/H26P040-N-naacdb.db2.tgz
zinc-22n/H26/H26P040/b/H26P040-L-naaiib.db2.tgz
zinc-22n/H26/H26P040/b/H26P040-N-naaakb.db2.tgz
zinc-22n/H26/H26P040/b/H26P040-L-naacfb.db2.tgz
zinc-22n/H26/H26P040/b/H26P040-N-naacmb.db2.tgz
zinc-22n/H26/H26P040/b/H26P040-N-naackb.db2.tgz
zinc-22n/H26/H26P040/b/H26P040-L-naadlb.db2.tgz
zinc-22n/H26/H26P040/b/H26P040-N-naaafb.db2.tgz
zinc-22n/H26/H26P040/b/H26P040-L-naablb.db2.tgz
zinc-22n/H26/H26P040/b/H26P040-L-naafkb.db2.tgz
zinc-22n/H26/H26P040/b/H26P040-L-naailb.db2.tgz
zinc-22n/H26/H26P040/b/H26P040-N-naacxb.db2.tgz
zinc-22n/H26/H26P040/b/H26P040-L-naacub.db2.tgz
zinc-22n/H26/H26P040/b/H26P040-L-naadmb.db2.tgz
zinc-22n/H26/H26P040/b/H26P040-N-naaccb.db2.tgz
zinc-22n/H26/H26P040/b/H26P040-L-naadxb.db2.tgz
zinc-22n/H26/H26P040/b/H26P040-L-naafqb.db2.tgz
zinc-22n/H26/H26P040/b/H26P040-L-naabob.db2.tgz
zinc-22n/H26/H26P040/b/H26P040-L-naadfb.db2.tgz
zinc-22n/H26/H26P040/b/H26P040-L-naahzb.db2.tgz
zinc-22n/H26/H26P040/b/H26P040-N-naacab.db2.tgz
zinc-22n/H26/H26P040/b/H26P040-L-naafrb.db2.tgz
zinc-22n/H26/H26P040/b/H26P040-L-naaclb.db2.tgz
zinc-22n/H26/H26P040/b/H26P040-L-naahvb.db2.tgz
zinc-22n/H26/H26P040/b/H26P040-N-naacub.db2.tgz
zinc-22n/H26/H26P040/b/H26P040-N-naabnb.db2.tgz
zinc-22n/H26/H26P040/b/H26P040-N-naaczb.db2.tgz
zinc-22n/H26/H26P040/b/H26P040-N-naablb.db2.tgz
zinc-22n/H26/H26P040/b/H26P040-L-naaaub.db2.tgz
zinc-22n/H26/H26P040/b/H26P040-N-naacfb.db2.tgz
zinc-22n/H26/H26P040/b/H26P040-N-naabsb.db2.tgz
zinc-22n/H26/H26P040/b/H26P040-L-naafsb.db2.tgz
zinc-22n/H26/H26P040/b/H26P040-L-naagob.db2.tgz
zinc-22n/H26/H26P040/b/H26P040-L-naaieb.db2.tgz
zinc-22n/H26/H26P040/b/H26P040-L-naacyb.db2.tgz
zinc-22n/H26/H26P040/b/H26P040-L-naaejb.db2.tgz
zinc-22n/H26/H26P040/b/H26P040-L-naagxb.db2.tgz
zinc-22n/H26/H26P040/b/H26P040-L-naaglb.db2.tgz
zinc-22n/H26/H26P040/b/H26P040-L-naabtb.db2.tgz
zinc-22n/H26/H26P040/b/H26P040-N-naacob.db2.tgz
zinc-22n/H26/H26P040/b/H26P040-L-naachb.db2.tgz
zinc-22n/H26/H26P040/b/H26P040-L-naabhb.db2.tgz
zinc-22n/H26/H26P040/b/H26P040-N-naadhb.db2.tgz
zinc-22n/H26/H26P040/b/H26P040-L-naaayb.db2.tgz
zinc-22n/H26/H26P040/b/H26P040-L-naadib.db2.tgz
zinc-22n/H26/H26P040/b/H26P040-N-naaayb.db2.tgz
zinc-22n/H26/H26P040/b/H26P040-N-naacgb.db2.tgz
zinc-22n/H26/H26P040/b/H26P040-N-naaaob.db2.tgz
zinc-22n/H26/H26P040/b/H26P040-L-naacbb.db2.tgz
zinc-22n/H26/H26P040/b/H26P040-N-naaabb.db2.tgz
zinc-22n/H26/H26P040/b/H26P040-L-naahlb.db2.tgz
zinc-22n/H26/H26P040/b/H26P040-L-naaghb.db2.tgz
zinc-22n/H26/H26P040/b/H26P040-L-naaawb.db2.tgz
zinc-22n/H26/H26P040/b/H26P040-L-naaaob.db2.tgz
zinc-22n/H26/H26P040/b/H26P040-L-naaetb.db2.tgz
zinc-22n/H26/H26P040/b/H26P040-L-naaegb.db2.tgz
zinc-22n/H26/H26P040/b/H26P040-N-naadib.db2.tgz
zinc-22n/H26/H26P040/b/H26P040-L-naaaqb.db2.tgz
zinc-22n/H26/H26P040/b/H26P040-L-naabkb.db2.tgz
zinc-22n/H26/H26P040/b/H26P040-L-naagmb.db2.tgz
zinc-22n/H26/H26P040/b/H26P040-N-naaamb.db2.tgz
zinc-22n/H26/H26P040/b/H26P040-N-naabrb.db2.tgz
zinc-22n/H26/H26P040/b/H26P040-L-naadcb.db2.tgz
zinc-22n/H26/H26P040/b/H26P040-L-naadeb.db2.tgz
zinc-22n/H26/H26P040/b/H26P040-L-naafmb.db2.tgz
zinc-22n/H26/H26P040/b/H26P040-L-naageb.db2.tgz
zinc-22n/H26/H26P040/b/H26P040-L-naahmb.db2.tgz
zinc-22n/H26/H26P040/b/H26P040-L-naaerb.db2.tgz
zinc-22n/H26/H26P040/b/H26P040-L-naadnb.db2.tgz
zinc-22n/H26/H26P040/b/H26P040-L-naaexb.db2.tgz
zinc-22n/H26/H26P040/b/H26P040-L-naacsb.db2.tgz
zinc-22n/H26/H26P040/b/H26P040-L-naahfb.db2.tgz
zinc-22n/H26/H26P040/b/H26P040-N-naaalb.db2.tgz
zinc-22n/H26/H26P040/b/H26P040-L-naaiub.db2.tgz
zinc-22n/H26/H26P040/b/H26P040-L-naacwb.db2.tgz
zinc-22n/H26/H26P040/b/H26P040-L-naahsb.db2.tgz
zinc-22n/H26/H26P040/b/H26P040-L-naahxb.db2.tgz
zinc-22n/H26/H26P040/b/H26P040-L-naafhb.db2.tgz
zinc-22n/H26/H26P040/b/H26P040-N-naabkb.db2.tgz
zinc-22n/H26/H26P040/b/H26P040-L-naafob.db2.tgz
zinc-22n/H26/H26P040/b/H26P040-L-naaamb.db2.tgz
zinc-22n/H26/H26P040/b/H26P040-L-naagfb.db2.tgz
zinc-22n/H26/H26P040/b/H26P040-N-naadgb.db2.tgz
zinc-22n/H26/H26P040/b/H26P040-L-naaelb.db2.tgz
zinc-22n/H26/H26P040/b/H26P040-L-naaefb.db2.tgz
zinc-22n/H26/H26P040/b/H26P040-N-naacib.db2.tgz
zinc-22n/H26/H26P040/b/H26P040-L-naagpb.db2.tgz
zinc-22n/H26/H26P040/b/H26P040-N-naaaub.db2.tgz
zinc-22n/H26/H26P040/b/H26P040-L-naadrb.db2.tgz
zinc-22n/H26/H26P040/b/H26P040-L-naagjb.db2.tgz
zinc-22n/H26/H26P040/b/H26P040-L-naaeub.db2.tgz
zinc-22n/H26/H26P040/b/H26P040-L-naacib.db2.tgz
zinc-22n/H26/H26P040/b/H26P040-L-naaihb.db2.tgz
zinc-22n/H26/H26P040/b/H26P040-L-naaeib.db2.tgz
zinc-22n/H26/H26P040/b/H26P040-L-naadgb.db2.tgz
zinc-22n/H26/H26P040/b/H26P040-L-naagbb.db2.tgz
zinc-22n/H26/H26P040/b/H26P040-L-naahab.db2.tgz
zinc-22n/H26/H26P040/b/H26P040-L-naahqb.db2.tgz
zinc-22n/H26/H26P040/b/H26P040-L-naabdb.db2.tgz
zinc-22n/H26/H26P040/b/H26P040-N-naabpb.db2.tgz
zinc-22n/H26/H26P040/b/H26P040-N-naabub.db2.tgz
zinc-22n/H26/H26P040/b/H26P040-L-naaisb.db2.tgz
zinc-22n/H26/H26P040/b/H26P040-L-naagwb.db2.tgz
zinc-22n/H26/H26P040/b/H26P040-L-naaalb.db2.tgz
zinc-22n/H26/H26P040/b/H26P040-L-naabgb.db2.tgz
zinc-22n/H26/H26P040/b/H26P040-L-naabrb.db2.tgz
zinc-22n/H26/H26P040/b/H26P040-N-naabmb.db2.tgz
zinc-22n/H26/H26P040/b/H26P040-L-naabbb.db2.tgz
zinc-22n/H26/H26P040/b/H26P040-L-naagdb.db2.tgz
zinc-22n/H26/H26P040/b/H26P040-L-naacab.db2.tgz
zinc-22n/H26/H26P040/b/H26P040-L-naahnb.db2.tgz
zinc-22n/H26/H26P040/b/H26P040-N-naadab.db2.tgz
zinc-22n/H26/H26P040/b/H26P040-N-naachb.db2.tgz
zinc-22n/H26/H26P040/b/H26P040-L-naafyb.db2.tgz
zinc-22n/H26/H26P040/b/H26P040-N-naactb.db2.tgz
zinc-22n/H26/H26P040/b/H26P040-L-naaagb.db2.tgz
zinc-22n/H26/H26P040/b/H26P040-L-naaiab.db2.tgz
zinc-22n/H26/H26P040/b/H26P040-M-naaahb.db2.tgz
zinc-22n/H26/H26P040/b/H26P040-L-naacpb.db2.tgz
zinc-22n/H26/H26P040/b/H26P040-L-naadsb.db2.tgz
zinc-22n/H26/H26P040/b/H26P040-L-naafpb.db2.tgz
zinc-22n/H26/H26P040/b/H26P040-L-naaibb.db2.tgz
zinc-22n/H26/H26P040/b/H26P040-N-naabtb.db2.tgz
zinc-22n/H26/H26P040/b/H26P040-L-naaczb.db2.tgz
zinc-22n/H26/H26P040/b/H26P040-L-naacrb.db2.tgz
zinc-22n/H26/H26P040/b/H26P040-L-naaakb.db2.tgz
zinc-22n/H26/H26P040/b/H26P040-N-naacyb.db2.tgz
zinc-22n/H26/H26P040/b/H26P040-L-naaeab.db2.tgz
zinc-22n/H26/H26P040/b/H26P040-L-naafub.db2.tgz
zinc-22n/H26/H26P040/b/H26P040-N-naabhb.db2.tgz
zinc-22n/H26/H26P040/b/H26P040-N-naaaqb.db2.tgz
zinc-22n/H26/H26P040/b/H26P040-L-naadab.db2.tgz
zinc-22n/H26/H26P040/b/H26P040-N-naaawb.db2.tgz
zinc-22n/H26/H26P040/b/H26P040-L-naaflb.db2.tgz
zinc-22n/H26/H26P040/b/H26P040-L-naaekb.db2.tgz
zinc-22n/H26/H26P040/b/H26P040-L-naagab.db2.tgz
zinc-22n/H26/H26P040/b/H26P040-N-naabyb.db2.tgz
zinc-22n/H26/H26P040/b/H26P040-L-naadzb.db2.tgz
zinc-22n/H26/H26P040/b/H26P040-L-naaiqb.db2.tgz
zinc-22n/H26/H26P040/b/H26P040-N-naacbb.db2.tgz
zinc-22n/H26/H26P040/b/H26P040-N-naacsb.db2.tgz
zinc-22n/H26/H26P040/b/H26P040-L-naahgb.db2.tgz
zinc-22n/H26/H26P040/b/H26P040-L-naafcb.db2.tgz
zinc-22n/H26/H26P040/b/H26P040-L-naagnb.db2.tgz
zinc-22n/H26/H26P040/b/H26P040-L-naacqb.db2.tgz
zinc-22n/H26/H26P040/b/H26P040-L-naaeeb.db2.tgz
zinc-22n/H26/H26P040/b/H26P040-L-naahtb.db2.tgz
zinc-22n/H26/H26P040/b/H26P040-L-naaggb.db2.tgz
zinc-22n/H26/H26P040/b/H26P040-N-naabjb.db2.tgz
zinc-22n/H26/H26P040/b/H26P040-L-naacdb.db2.tgz
zinc-22n/H26/H26P040/b/H26P040-L-naahkb.db2.tgz
zinc-22n/H26/H26P040/b/H26P040-L-naafjb.db2.tgz
zinc-22n/H26/H26P040/b/H26P040-N-naabqb.db2.tgz
zinc-22n/H26/H26P040/b/H26P040-L-naaabb.db2.tgz
zinc-22n/H26/H26P040/b/H26P040-N-naaddb.db2.tgz
zinc-22n/H26/H26P040/b/H26P040-N-naabbb.db2.tgz
zinc-22n/H26/H26P040/b/H26P040-N-naaacb.db2.tgz
zinc-22n/H26/H26P040/b/H26P040-L-naahdb.db2.tgz
zinc-22n/H26/H26P040/b/H26P040-L-naahpb.db2.tgz
zinc-22n/H26/H26P040/b/H26P040-N-naabcb.db2.tgz
zinc-22n/H26/H26P040/b/H26P040-L-naabyb.db2.tgz
zinc-22n/H26/H26P040/b/H26P040-N-naaanb.db2.tgz
zinc-22n/H26/H26P040/b/H26P040-L-naabzb.db2.tgz
zinc-22n/H26/H26P040/b/H26P040-L-naaenb.db2.tgz
zinc-22n/H26/H26P040/b/H26P040-N-naacwb.db2.tgz
zinc-22n/H26/H26P040/b/H26P040-L-naaeqb.db2.tgz
zinc-22n/H26/H26P040/b/H26P040-L-naabmb.db2.tgz
zinc-22n/H26/H26P040/b/H26P040-L-naaadb.db2.tgz
zinc-22n/H26/H26P040/b/H26P040-N-naabob.db2.tgz
zinc-22n/H26/H26P040/b/H26P040-L-naahyb.db2.tgz
zinc-22n/H26/H26P040/b/H26P040-L-naaddb.db2.tgz
zinc-22n/H26/H26P040/b/H26P040-N-naabxb.db2.tgz
zinc-22n/H26/H26P040/b/H26P040-L-naaigb.db2.tgz
zinc-22n/H26/H26P040/b/H26P040-N-naabzb.db2.tgz
zinc-22n/H26/H26P040/b/H26P040-L-naagkb.db2.tgz
zinc-22n/H26/H26P040/b/H26P040-N-naaclb.db2.tgz
zinc-22n/H26/H26P040/b/H26P040-L-naacob.db2.tgz
zinc-22n/H26/H26P040/b/H26P040-L-naagvb.db2.tgz
zinc-22n/H26/H26P040/b/H26P040-L-naaidb.db2.tgz
zinc-22n/H26/H26P040/b/H26P040-L-naaipb.db2.tgz
zinc-22n/H26/H26P040/b/H26P040-L-naabnb.db2.tgz
zinc-22n/H26/H26P040/b/H26P040-N-naadjb.db2.tgz
zinc-22n/H26/H26P040/b/H26P040-L-naabub.db2.tgz
zinc-22n/H26/H26P040/b/H26P040-L-naaacb.db2.tgz
zinc-22n/H26/H26P040/b/H26P040-L-naaaab.db2.tgz
zinc-22n/H26/H26P040/b/H26P040-L-naafdb.db2.tgz
zinc-22n/H26/H26P040/b/H26P040-L-naagcb.db2.tgz
zinc-22n/H26/H26P040/b/H26P040-L-naaafb.db2.tgz
zinc-22n/H26/H26P040/b/H26P040-N-naadeb.db2.tgz
zinc-22n/H26/H26P040/b/H26P040-L-naaaib.db2.tgz
zinc-22n/H26/H26P040/b/H26P040-L-naaijb.db2.tgz
zinc-22n/H26/H26P040/b/H26P040-L-naackb.db2.tgz
zinc-22n/H26/H26P040/b/H26P040-L-naacgb.db2.tgz
zinc-22n/H26/H26P040/b/H26P040-M-naaafb.db2.tgz
zinc-22n/H26/H26P040/b/H26P040-N-naacrb.db2.tgz
zinc-22n/H26/H26P040/b/H26P040-L-naadkb.db2.tgz
zinc-22n/H26/H26P040/b/H26P040-L-naadtb.db2.tgz
zinc-22n/H26/H26P040/b/H26P040-L-naagyb.db2.tgz
zinc-22n/H26/H26P040/b/H26P040-L-naafnb.db2.tgz
zinc-22n/H26/H26P040/b/H26P040-L-naadub.db2.tgz
zinc-22n/H26/H26P040/b/H26P040-L-naacxb.db2.tgz
zinc-22n/H26/H26P040/b/H26P040-N-naabdb.db2.tgz
zinc-22n/H26/H26P040/b/H26P040-N-naabvb.db2.tgz
zinc-22n/H26/H26P040/b/H26P040-L-naaitb.db2.tgz
zinc-22n/H26/H26P040/b/H26P040-L-naabqb.db2.tgz
zinc-22n/H26/H26P040/b/H26P040-M-naaabb.db2.tgz
zinc-22n/H26/H26P040/b/H26P040-L-naadqb.db2.tgz
zinc-22n/H26/H26P040/b/H26P040-L-naafeb.db2.tgz
zinc-22n/H26/H26P040/b/H26P040-N-naadfb.db2.tgz
zinc-22n/H26/H26P040/b/H26P040-L-naaikb.db2.tgz
zinc-22n/H26/H26P040/b/H26P040-L-naacmb.db2.tgz
zinc-22n/H26/H26P040/b/H26P040-L-naagub.db2.tgz
zinc-22n/H26/H26P040/b/H26P040-L-naahub.db2.tgz
zinc-22n/H26/H26P040/b/H26P040-L-naagrb.db2.tgz
zinc-22n/H26/H26P040/b/H26P040-N-naacqb.db2.tgz
zinc-22n/H26/H26P040/b/H26P040-N-naaaab.db2.tgz
zinc-22n/H26/H26P040/b/H26P040-N-naaagb.db2.tgz
zinc-22n/H26/H26P040/b/H26P040-L-naaahb.db2.tgz
zinc-22n/H26/H26P040/b/H26P040-L-naaewb.db2.tgz
zinc-22n/H26/H26P040/b/H26P040-L-naabcb.db2.tgz
zinc-22n/H26/H26P040/b/H26P040-L-naaceb.db2.tgz
zinc-22n/H26/H26P040/b/H26P040-N-naacvb.db2.tgz
zinc-22n/H26/H26P040/b/H26P040-N-naaahb.db2.tgz
zinc-22n/H26/H26P040/b/H26P040-N-naaceb.db2.tgz
zinc-22n/H26/H26P040/b/H26P040-L-naadwb.db2.tgz
zinc-22n/H26/H26P040/b/H26P040-L-naabjb.db2.tgz
zinc-22n/H26/H26P040/b/H26P040-N-naacpb.db2.tgz
zinc-22n/H26/H26P040/b/H26P040-L-naabsb.db2.tgz
zinc-22n/H26/H26P040/b/H26P040-L-naadvb.db2.tgz
zinc-22n/H26/H26P040/b/H26P040-N-naabgb.db2.tgz
zinc-22n/H26/H26P040/b/H26P040-N-naacjb.db2.tgz
zinc-22n/H26/H26P040/b/H26P040-L-naacnb.db2.tgz
zinc-22n/H26/H26P040/b/H26P040-L-naafbb.db2.tgz
zinc-22n/H26/H26P040/b/H26P040-L-naaanb.db2.tgz
zinc-22n/H26/H26P040/b/H26P040-L-naafab.db2.tgz
zinc-22n/H26/H26P040/b/H26P040-L-naabvb.db2.tgz
zinc-22n/H26/H26P040/H26P040-Q.n.txt
zinc-22n/H26/H26-Q.txt
